# JRE version: OpenJDK Runtime Environment Temurin-17.0.5+8 (17.0.5+8) (build 17.0.5+8)
# Java VM: OpenJDK 64-Bit Server VM Temurin-17.0.5+8 (17.0.5+8, mixed mode, emulated-client, tiered, compressed oops, compressed class ptrs, g1 gc, windows-amd64)
GC Precious Log:
 CPUs: 8 total, 8 available
 Memory: 8107M
 Large Page Support: Disabled
 NUMA Support: Disabled
 Compressed Oops: Enabled (32-bit)
 Heap Region Size: 1M
 Heap Min Capacity: 8M
 Heap Initial Capacity: 128M
 Heap Max Capacity: 2028M
 Pre-touch: Disabled
 Parallel Workers: 8
 Concurrent Workers: 2
 Concurrent Refinement Workers: 8
 Periodic GC: Disabled
Heap:
 garbage-first heap   total 61440K, used 39069K [0x0000000081400000, 0x0000000100000000)
  region size 1024K, 8 young (8192K), 2 survivors (2048K)
 Metaspace       used 37836K, committed 38144K, reserved 1089536K
  class space    used 4789K, committed 4928K, reserved 1048576K
GC Heap History (20 events):
Event: 9.318 GC heap before
{Heap before GC invocations=2 (full 0):
 garbage-first heap   total 131072K, used 32105K [0x0000000081400000, 0x0000000100000000)
  region size 1024K, 26 young (26624K), 3 survivors (3072K)
 Metaspace       used 21299K, committed 21504K, reserved 1073152K
  class space    used 2572K, committed 2688K, reserved 1048576K
}
Event: 9.325 GC heap after
{Heap after GC invocations=3 (full 0):
 garbage-first heap   total 131072K, used 11814K [0x0000000081400000, 0x0000000100000000)
  region size 1024K, 4 young (4096K), 4 survivors (4096K)
 Metaspace       used 21299K, committed 21504K, reserved 1073152K
  class space    used 2572K, committed 2688K, reserved 1048576K
}
Event: 12.149 GC heap before
{Heap before GC invocations=4 (full 0):
 garbage-first heap   total 55296K, used 39462K [0x0000000081400000, 0x0000000100000000)
  region size 1024K, 32 young (32768K), 4 survivors (4096K)
 Metaspace       used 25808K, committed 26112K, reserved 1073152K
  class space    used 3163K, committed 3328K, reserved 1048576K
}
Event: 12.161 GC heap after
{Heap after GC invocations=5 (full 0):
 garbage-first heap   total 55296K, used 13417K [0x0000000081400000, 0x0000000100000000)
  region size 1024K, 5 young (5120K), 5 survivors (5120K)
 Metaspace       used 25808K, committed 26112K, reserved 1073152K
  class space    used 3163K, committed 3328K, reserved 1048576K
}
Event: 15.218 GC heap before
{Heap before GC invocations=6 (full 0):
 garbage-first heap   total 51200K, used 34921K [0x0000000081400000, 0x0000000100000000)
  region size 1024K, 27 young (27648K), 5 survivors (5120K)
 Metaspace       used 29444K, committed 29760K, reserved 1081344K
  class space    used 3683K, committed 3840K, reserved 1048576K
}
Event: 15.238 GC heap after
{Heap after GC invocations=7 (full 0):
 garbage-first heap   total 51200K, used 15915K [0x0000000081400000, 0x0000000100000000)
  region size 1024K, 4 young (4096K), 4 survivors (4096K)
 Metaspace       used 29444K, committed 29760K, reserved 1081344K
  class space    used 3683K, committed 3840K, reserved 1048576K
}
Event: 18.831 GC heap before
{Heap before GC invocations=7 (full 0):
 garbage-first heap   total 51200K, used 33323K [0x0000000081400000, 0x0000000100000000)
  region size 1024K, 22 young (22528K), 4 survivors (4096K)
 Metaspace       used 32916K, committed 33152K, reserved 1081344K
  class space    used 4187K, committed 4288K, reserved 1048576K
}
Event: 18.839 GC heap after
{Heap after GC invocations=8 (full 0):
 garbage-first heap   total 51200K, used 17654K [0x0000000081400000, 0x0000000100000000)
  region size 1024K, 2 young (2048K), 2 survivors (2048K)
 Metaspace       used 32916K, committed 33152K, reserved 1081344K
  class space    used 4187K, committed 4288K, reserved 1048576K
}
Event: 24.606 GC heap before
{Heap before GC invocations=8 (full 0):
 garbage-first heap   total 51200K, used 35062K [0x0000000081400000, 0x0000000100000000)
  region size 1024K, 20 young (20480K), 2 survivors (2048K)
 Metaspace       used 35916K, committed 36224K, reserved 1081344K
  class space    used 4644K, committed 4800K, reserved 1048576K
}
Event: 24.612 GC heap after
{Heap after GC invocations=9 (full 0):
 garbage-first heap   total 51200K, used 19469K [0x0000000081400000, 0x0000000100000000)
  region size 1024K, 3 young (3072K), 3 survivors (3072K)
 Metaspace       used 35916K, committed 36224K, reserved 1081344K
  class space    used 4644K, committed 4800K, reserved 1048576K
}
Event: 26.646 GC heap before
{Heap before GC invocations=9 (full 0):
 garbage-first heap   total 51200K, used 35853K [0x0000000081400000, 0x0000000100000000)
  region size 1024K, 20 young (20480K), 3 survivors (3072K)
 Metaspace       used 36540K, committed 36928K, reserved 1081344K
  class space    used 4688K, committed 4864K, reserved 1048576K
}
Event: 26.651 GC heap after
{Heap after GC invocations=10 (full 0):
 garbage-first heap   total 51200K, used 23471K [0x0000000081400000, 0x0000000100000000)
  region size 1024K, 3 young (3072K), 3 survivors (3072K)
 Metaspace       used 36540K, committed 36928K, reserved 1081344K
  class space    used 4688K, committed 4864K, reserved 1048576K
}
Event: 26.789 GC heap before
{Heap before GC invocations=10 (full 0):
 garbage-first heap   total 51200K, used 36783K [0x0000000081400000, 0x0000000100000000)
  region size 1024K, 17 young (17408K), 3 survivors (3072K)
 Metaspace       used 36831K, committed 37120K, reserved 1081344K
  class space    used 4725K, committed 4864K, reserved 1048576K
}
Event: 26.793 GC heap after
{Heap after GC invocations=11 (full 0):
 garbage-first heap   total 51200K, used 26752K [0x0000000081400000, 0x0000000100000000)
  region size 1024K, 3 young (3072K), 3 survivors (3072K)
 Metaspace       used 36831K, committed 37120K, reserved 1081344K
  class space    used 4725K, committed 4864K, reserved 1048576K
}
Event: 26.898 GC heap before
{Heap before GC invocations=11 (full 0):
 garbage-first heap   total 51200K, used 36992K [0x0000000081400000, 0x0000000100000000)
  region size 1024K, 14 young (14336K), 3 survivors (3072K)
 Metaspace       used 37070K, committed 37376K, reserved 1081344K
  class space    used 4746K, committed 4864K, reserved 1048576K
}
Event: 26.902 GC heap after
{Heap after GC invocations=12 (full 0):
 garbage-first heap   total 61440K, used 29001K [0x0000000081400000, 0x0000000100000000)
  region size 1024K, 2 young (2048K), 2 survivors (2048K)
 Metaspace       used 37070K, committed 37376K, reserved 1081344K
  class space    used 4746K, committed 4864K, reserved 1048576K
}
Event: 27.214 GC heap before
{Heap before GC invocations=13 (full 0):
 garbage-first heap   total 61440K, used 43337K [0x0000000081400000, 0x0000000100000000)
  region size 1024K, 17 young (17408K), 2 survivors (2048K)
 Metaspace       used 37403K, committed 37696K, reserved 1081344K
  class space    used 4782K, committed 4928K, reserved 1048576K
}
Event: 27.218 GC heap after
{Heap after GC invocations=14 (full 0):
 garbage-first heap   total 61440K, used 31961K [0x0000000081400000, 0x0000000100000000)
  region size 1024K, 3 young (3072K), 3 survivors (3072K)
 Metaspace       used 37403K, committed 37696K, reserved 1081344K
  class space    used 4782K, committed 4928K, reserved 1048576K
}
Event: 27.483 GC heap before
{Heap before GC invocations=14 (full 0):
 garbage-first heap   total 61440K, used 45273K [0x0000000081400000, 0x0000000100000000)
  region size 1024K, 16 young (16384K), 3 survivors (3072K)
 Metaspace       used 37685K, committed 38016K, reserved 1089536K
  class space    used 4789K, committed 4928K, reserved 1048576K
}
Event: 27.489 GC heap after
{Heap after GC invocations=15 (full 0):
 garbage-first heap   total 61440K, used 33949K [0x0000000081400000, 0x0000000100000000)
  region size 1024K, 2 young (2048K), 2 survivors (2048K)
 Metaspace       used 37685K, committed 38016K, reserved 1089536K
  class space    used 4789K, committed 4928K, reserved 1048576K
}

