# JRE version: OpenJDK Runtime Environment Temurin-17.0.5+8 (17.0.5+8) (build 17.0.5+8)
# Java VM: OpenJDK 64-Bit Server VM Temurin-17.0.5+8 (17.0.5+8, mixed mode, emulated-client, tiered, compressed oops, compressed class ptrs, g1 gc, windows-amd64)
GC Precious Log:
 CPUs: 8 total, 8 available
 Memory: 8107M
 Large Page Support: Disabled
 NUMA Support: Disabled
 Compressed Oops: Enabled (32-bit)
 Heap Region Size: 1M
 Heap Min Capacity: 8M
 Heap Initial Capacity: 128M
 Heap Max Capacity: 2028M
 Pre-touch: Disabled
 Parallel Workers: 8
 Concurrent Workers: 2
 Concurrent Refinement Workers: 8
 Periodic GC: Disabled
Heap:
 garbage-first heap   total 131072K, used 73243K [0x0000000081400000, 0x0000000100000000)
  region size 1024K, 2 young (2048K), 2 survivors (2048K)
 Metaspace       used 39077K, committed 39424K, reserved 1089536K
  class space    used 4931K, committed 5120K, reserved 1048576K
GC Heap History (20 events):
Event: 15.822 GC heap after
{Heap after GC invocations=11 (full 0):
 garbage-first heap   total 71680K, used 29810K [0x0000000081400000, 0x0000000100000000)
  region size 1024K, 3 young (3072K), 3 survivors (3072K)
 Metaspace       used 36991K, committed 37376K, reserved 1081344K
  class space    used 4746K, committed 4928K, reserved 1048576K
}
Event: 15.984 GC heap before
{Heap before GC invocations=11 (full 0):
 garbage-first heap   total 71680K, used 50290K [0x0000000081400000, 0x0000000100000000)
  region size 1024K, 23 young (23552K), 3 survivors (3072K)
 Metaspace       used 37200K, committed 37504K, reserved 1081344K
  class space    used 4765K, committed 4928K, reserved 1048576K
}
Event: 15.989 GC heap after
{Heap after GC invocations=12 (full 0):
 garbage-first heap   total 71680K, used 33102K [0x0000000081400000, 0x0000000100000000)
  region size 1024K, 3 young (3072K), 3 survivors (3072K)
 Metaspace       used 37200K, committed 37504K, reserved 1081344K
  class space    used 4765K, committed 4928K, reserved 1048576K
}
Event: 16.094 GC heap before
{Heap before GC invocations=12 (full 0):
 garbage-first heap   total 71680K, used 51534K [0x0000000081400000, 0x0000000100000000)
  region size 1024K, 22 young (22528K), 3 survivors (3072K)
 Metaspace       used 37463K, committed 37760K, reserved 1089536K
  class space    used 4782K, committed 4928K, reserved 1048576K
}
Event: 16.098 GC heap after
{Heap after GC invocations=13 (full 0):
 garbage-first heap   total 71680K, used 36614K [0x0000000081400000, 0x0000000100000000)
  region size 1024K, 3 young (3072K), 3 survivors (3072K)
 Metaspace       used 37463K, committed 37760K, reserved 1089536K
  class space    used 4782K, committed 4928K, reserved 1048576K
}
Event: 16.169 GC heap before
{Heap before GC invocations=13 (full 0):
 garbage-first heap   total 71680K, used 52998K [0x0000000081400000, 0x0000000100000000)
  region size 1024K, 19 young (19456K), 3 survivors (3072K)
 Metaspace       used 37571K, committed 37888K, reserved 1089536K
  class space    used 4787K, committed 4928K, reserved 1048576K
}
Event: 16.175 GC heap after
{Heap after GC invocations=14 (full 0):
 garbage-first heap   total 71680K, used 40503K [0x0000000081400000, 0x0000000100000000)
  region size 1024K, 3 young (3072K), 3 survivors (3072K)
 Metaspace       used 37571K, committed 37888K, reserved 1089536K
  class space    used 4787K, committed 4928K, reserved 1048576K
}
Event: 16.271 GC heap before
{Heap before GC invocations=14 (full 0):
 garbage-first heap   total 91136K, used 53815K [0x0000000081400000, 0x0000000100000000)
  region size 1024K, 16 young (16384K), 3 survivors (3072K)
 Metaspace       used 37899K, committed 38208K, reserved 1089536K
  class space    used 4790K, committed 4928K, reserved 1048576K
}
Event: 16.278 GC heap after
{Heap after GC invocations=15 (full 0):
 garbage-first heap   total 131072K, used 45644K [0x0000000081400000, 0x0000000100000000)
  region size 1024K, 2 young (2048K), 2 survivors (2048K)
 Metaspace       used 37899K, committed 38208K, reserved 1089536K
  class space    used 4790K, committed 4928K, reserved 1048576K
}
Event: 17.329 GC heap before
{Heap before GC invocations=16 (full 0):
 garbage-first heap   total 131072K, used 92748K [0x0000000081400000, 0x0000000100000000)
  region size 1024K, 48 young (49152K), 2 survivors (2048K)
 Metaspace       used 38857K, committed 39168K, reserved 1089536K
  class space    used 4904K, committed 5056K, reserved 1048576K
}
Event: 17.341 GC heap after
{Heap after GC invocations=17 (full 0):
 garbage-first heap   total 131072K, used 57303K [0x0000000081400000, 0x0000000100000000)
  region size 1024K, 6 young (6144K), 6 survivors (6144K)
 Metaspace       used 38857K, committed 39168K, reserved 1089536K
  class space    used 4904K, committed 5056K, reserved 1048576K
}
Event: 17.431 GC heap before
{Heap before GC invocations=17 (full 0):
 garbage-first heap   total 131072K, used 58327K [0x0000000081400000, 0x0000000100000000)
  region size 1024K, 7 young (7168K), 6 survivors (6144K)
 Metaspace       used 38889K, committed 39232K, reserved 1089536K
  class space    used 4912K, committed 5056K, reserved 1048576K
}
Event: 17.438 GC heap after
{Heap after GC invocations=18 (full 0):
 garbage-first heap   total 131072K, used 58907K [0x0000000081400000, 0x0000000100000000)
  region size 1024K, 1 young (1024K), 1 survivors (1024K)
 Metaspace       used 38889K, committed 39232K, reserved 1089536K
  class space    used 4912K, committed 5056K, reserved 1048576K
}
Event: 17.650 GC heap before
{Heap before GC invocations=18 (full 0):
 garbage-first heap   total 131072K, used 70171K [0x0000000081400000, 0x0000000100000000)
  region size 1024K, 14 young (14336K), 1 survivors (1024K)
 Metaspace       used 38983K, committed 39296K, reserved 1089536K
  class space    used 4921K, committed 5056K, reserved 1048576K
}
Event: 17.656 GC heap after
{Heap after GC invocations=19 (full 0):
 garbage-first heap   total 131072K, used 65053K [0x0000000081400000, 0x0000000100000000)
  region size 1024K, 5 young (5120K), 5 survivors (5120K)
 Metaspace       used 38983K, committed 39296K, reserved 1089536K
  class space    used 4921K, committed 5056K, reserved 1048576K
}
Event: 17.908 GC heap before
{Heap before GC invocations=20 (full 0):
 garbage-first heap   total 131072K, used 91677K [0x0000000081400000, 0x0000000100000000)
  region size 1024K, 32 young (32768K), 5 survivors (5120K)
 Metaspace       used 39067K, committed 39424K, reserved 1089536K
  class space    used 4931K, committed 5120K, reserved 1048576K
}
Event: 17.935 GC heap after
{Heap after GC invocations=21 (full 0):
 garbage-first heap   total 131072K, used 72322K [0x0000000081400000, 0x0000000100000000)
  region size 1024K, 4 young (4096K), 4 survivors (4096K)
 Metaspace       used 39067K, committed 39424K, reserved 1089536K
  class space    used 4931K, committed 5120K, reserved 1048576K
}
Event: 17.946 GC heap before
{Heap before GC invocations=21 (full 0):
 garbage-first heap   total 131072K, used 73346K [0x0000000081400000, 0x0000000100000000)
  region size 1024K, 6 young (6144K), 4 survivors (4096K)
 Metaspace       used 39067K, committed 39424K, reserved 1089536K
  class space    used 4931K, committed 5120K, reserved 1048576K
}
Event: 17.953 GC heap after
{Heap after GC invocations=22 (full 0):
 garbage-first heap   total 131072K, used 72455K [0x0000000081400000, 0x0000000100000000)
  region size 1024K, 1 young (1024K), 1 survivors (1024K)
 Metaspace       used 39067K, committed 39424K, reserved 1089536K
  class space    used 4931K, committed 5120K, reserved 1048576K
}
Event: 17.976 GC heap before
{Heap before GC invocations=22 (full 0):
 garbage-first heap   total 131072K, used 94983K [0x0000000081400000, 0x0000000100000000)
  region size 1024K, 24 young (24576K), 1 survivors (1024K)
 Metaspace       used 39077K, committed 39424K, reserved 1089536K
  class space    used 4931K, committed 5120K, reserved 1048576K
}

