# JRE version: OpenJDK Runtime Environment Temurin-17.0.5+8 (17.0.5+8) (build 17.0.5+8)
# Java VM: OpenJDK 64-Bit Server VM Temurin-17.0.5+8 (17.0.5+8, mixed mode, emulated-client, tiered, compressed oops, compressed class ptrs, g1 gc, windows-amd64)
GC Precious Log:
 CPUs: 8 total, 8 available
 Memory: 8107M
 Large Page Support: Disabled
 NUMA Support: Disabled
 Compressed Oops: Enabled (32-bit)
 Heap Region Size: 1M
 Heap Min Capacity: 8M
 Heap Initial Capacity: 128M
 Heap Max Capacity: 2028M
 Pre-touch: Disabled
 Parallel Workers: 8
 Concurrent Workers: 2
 Concurrent Refinement Workers: 8
 Periodic GC: Disabled
Heap:
 garbage-first heap   total 349184K, used 154795K [0x0000000081400000, 0x0000000100000000)
  region size 1024K, 17 young (17408K), 17 survivors (17408K)
 Metaspace       used 39997K, committed 40384K, reserved 1089536K
  class space    used 5051K, committed 5248K, reserved 1048576K
GC Heap History (20 events):
Event: 23.748 GC heap after
{Heap after GC invocations=19 (full 0):
 garbage-first heap   total 157696K, used 72338K [0x0000000081400000, 0x0000000100000000)
  region size 1024K, 3 young (3072K), 3 survivors (3072K)
 Metaspace       used 38372K, committed 38720K, reserved 1089536K
  class space    used 4851K, committed 4992K, reserved 1048576K
}
Event: 23.847 GC heap before
{Heap before GC invocations=19 (full 0):
 garbage-first heap   total 157696K, used 114322K [0x0000000081400000, 0x0000000100000000)
  region size 1024K, 45 young (46080K), 3 survivors (3072K)
 Metaspace       used 38508K, committed 38848K, reserved 1089536K
  class space    used 4865K, committed 4992K, reserved 1048576K
}
Event: 23.853 GC heap after
{Heap after GC invocations=20 (full 0):
 garbage-first heap   total 349184K, used 73377K [0x0000000081400000, 0x0000000100000000)
  region size 1024K, 4 young (4096K), 4 survivors (4096K)
 Metaspace       used 38508K, committed 38848K, reserved 1089536K
  class space    used 4865K, committed 4992K, reserved 1048576K
}
Event: 24.788 GC heap before
{Heap before GC invocations=20 (full 0):
 garbage-first heap   total 349184K, used 263841K [0x0000000081400000, 0x0000000100000000)
  region size 1024K, 191 young (195584K), 4 survivors (4096K)
 Metaspace       used 38978K, committed 39360K, reserved 1089536K
  class space    used 4918K, committed 5120K, reserved 1048576K
}
Event: 24.802 GC heap after
{Heap after GC invocations=21 (full 0):
 garbage-first heap   total 349184K, used 80703K [0x0000000081400000, 0x0000000100000000)
  region size 1024K, 11 young (11264K), 11 survivors (11264K)
 Metaspace       used 38978K, committed 39360K, reserved 1089536K
  class space    used 4918K, committed 5120K, reserved 1048576K
}
Event: 25.449 GC heap before
{Heap before GC invocations=21 (full 0):
 garbage-first heap   total 349184K, used 269119K [0x0000000081400000, 0x0000000100000000)
  region size 1024K, 196 young (200704K), 11 survivors (11264K)
 Metaspace       used 39003K, committed 39424K, reserved 1089536K
  class space    used 4924K, committed 5120K, reserved 1048576K
}
Event: 25.468 GC heap after
{Heap after GC invocations=22 (full 0):
 garbage-first heap   total 349184K, used 88502K [0x0000000081400000, 0x0000000100000000)
  region size 1024K, 19 young (19456K), 19 survivors (19456K)
 Metaspace       used 39003K, committed 39424K, reserved 1089536K
  class space    used 4924K, committed 5120K, reserved 1048576K
}
Event: 26.425 GC heap before
{Heap before GC invocations=22 (full 0):
 garbage-first heap   total 349184K, used 274870K [0x0000000081400000, 0x0000000100000000)
  region size 1024K, 202 young (206848K), 19 survivors (19456K)
 Metaspace       used 39052K, committed 39488K, reserved 1089536K
  class space    used 4929K, committed 5120K, reserved 1048576K
}
Event: 26.449 GC heap after
{Heap after GC invocations=23 (full 0):
 garbage-first heap   total 349184K, used 96992K [0x0000000081400000, 0x0000000100000000)
  region size 1024K, 17 young (17408K), 17 survivors (17408K)
 Metaspace       used 39052K, committed 39488K, reserved 1089536K
  class space    used 4929K, committed 5120K, reserved 1048576K
}
Event: 27.193 GC heap before
{Heap before GC invocations=23 (full 0):
 garbage-first heap   total 349184K, used 279264K [0x0000000081400000, 0x0000000100000000)
  region size 1024K, 196 young (200704K), 17 survivors (17408K)
 Metaspace       used 39197K, committed 39616K, reserved 1089536K
  class space    used 4947K, committed 5120K, reserved 1048576K
}
Event: 27.209 GC heap after
{Heap after GC invocations=24 (full 0):
 garbage-first heap   total 349184K, used 105602K [0x0000000081400000, 0x0000000100000000)
  region size 1024K, 17 young (17408K), 17 survivors (17408K)
 Metaspace       used 39197K, committed 39616K, reserved 1089536K
  class space    used 4947K, committed 5120K, reserved 1048576K
}
Event: 27.701 GC heap before
{Heap before GC invocations=24 (full 0):
 garbage-first heap   total 349184K, used 284802K [0x0000000081400000, 0x0000000100000000)
  region size 1024K, 193 young (197632K), 17 survivors (17408K)
 Metaspace       used 39214K, committed 39616K, reserved 1089536K
  class space    used 4953K, committed 5120K, reserved 1048576K
}
Event: 27.723 GC heap after
{Heap after GC invocations=25 (full 0):
 garbage-first heap   total 349184K, used 113356K [0x0000000081400000, 0x0000000100000000)
  region size 1024K, 17 young (17408K), 17 survivors (17408K)
 Metaspace       used 39214K, committed 39616K, reserved 1089536K
  class space    used 4953K, committed 5120K, reserved 1048576K
}
Event: 28.524 GC heap before
{Heap before GC invocations=25 (full 0):
 garbage-first heap   total 349184K, used 287436K [0x0000000081400000, 0x0000000100000000)
  region size 1024K, 187 young (191488K), 17 survivors (17408K)
 Metaspace       used 39214K, committed 39616K, reserved 1089536K
  class space    used 4953K, committed 5120K, reserved 1048576K
}
Event: 28.548 GC heap after
{Heap after GC invocations=26 (full 0):
 garbage-first heap   total 349184K, used 124641K [0x0000000081400000, 0x0000000100000000)
  region size 1024K, 19 young (19456K), 19 survivors (19456K)
 Metaspace       used 39214K, committed 39616K, reserved 1089536K
  class space    used 4953K, committed 5120K, reserved 1048576K
}
Event: 28.993 GC heap before
{Heap before GC invocations=26 (full 0):
 garbage-first heap   total 349184K, used 287457K [0x0000000081400000, 0x0000000100000000)
  region size 1024K, 179 young (183296K), 19 survivors (19456K)
 Metaspace       used 39262K, committed 39616K, reserved 1089536K
  class space    used 4959K, committed 5120K, reserved 1048576K
}
Event: 29.005 GC heap after
{Heap after GC invocations=27 (full 0):
 garbage-first heap   total 349184K, used 138240K [0x0000000081400000, 0x0000000100000000)
  region size 1024K, 23 young (23552K), 23 survivors (23552K)
 Metaspace       used 39262K, committed 39616K, reserved 1089536K
  class space    used 4959K, committed 5120K, reserved 1048576K
}
Event: 29.309 GC heap before
{Heap before GC invocations=27 (full 0):
 garbage-first heap   total 349184K, used 285695K [0x0000000081400000, 0x0000000100000000)
  region size 1024K, 168 young (172032K), 23 survivors (23552K)
 Metaspace       used 39308K, committed 39744K, reserved 1089536K
  class space    used 4973K, committed 5184K, reserved 1048576K
}
Event: 29.319 GC heap after
{Heap after GC invocations=28 (full 0):
 garbage-first heap   total 349184K, used 148099K [0x0000000081400000, 0x0000000100000000)
  region size 1024K, 11 young (11264K), 11 survivors (11264K)
 Metaspace       used 39308K, committed 39744K, reserved 1089536K
  class space    used 4973K, committed 5184K, reserved 1048576K
}
Event: 29.999 GC heap before
{Heap before GC invocations=28 (full 0):
 garbage-first heap   total 349184K, used 286339K [0x0000000081400000, 0x0000000100000000)
  region size 1024K, 147 young (150528K), 11 survivors (11264K)
 Metaspace       used 39997K, committed 40384K, reserved 1089536K
  class space    used 5051K, committed 5248K, reserved 1048576K
}

