# JRE version: OpenJDK Runtime Environment Temurin-17.0.5+8 (17.0.5+8) (build 17.0.5+8)
# Java VM: OpenJDK 64-Bit Server VM Temurin-17.0.5+8 (17.0.5+8, mixed mode, emulated-client, tiered, compressed oops, compressed class ptrs, g1 gc, windows-amd64)
GC Precious Log:
 CPUs: 8 total, 8 available
 Memory: 8107M
 Large Page Support: Disabled
 NUMA Support: Disabled
 Compressed Oops: Enabled (32-bit)
 Heap Region Size: 1M
 Heap Min Capacity: 8M
 Heap Initial Capacity: 128M
 Heap Max Capacity: 2028M
 Pre-touch: Disabled
 Parallel Workers: 8
 Concurrent Workers: 2
 Concurrent Refinement Workers: 8
 Periodic GC: Disabled
Heap:
 garbage-first heap   total 104448K, used 44725K [0x0000000081400000, 0x0000000100000000)
  region size 1024K, 2 young (2048K), 2 survivors (2048K)
 Metaspace       used 38073K, committed 38336K, reserved 1089536K
  class space    used 4811K, committed 4928K, reserved 1048576K
GC Heap History (20 events):
Event: 21.915 GC heap after
{Heap after GC invocations=8 (full 0):
 garbage-first heap   total 51200K, used 19122K [0x0000000081400000, 0x0000000100000000)
  region size 1024K, 2 young (2048K), 2 survivors (2048K)
 Metaspace       used 35180K, committed 35520K, reserved 1081344K
  class space    used 4547K, committed 4736K, reserved 1048576K
}
Event: 22.450 GC heap before
{Heap before GC invocations=8 (full 0):
 garbage-first heap   total 51200K, used 26290K [0x0000000081400000, 0x0000000100000000)
  region size 1024K, 10 young (10240K), 2 survivors (2048K)
 Metaspace       used 35986K, committed 36288K, reserved 1081344K
  class space    used 4655K, committed 4800K, reserved 1048576K
}
Event: 22.457 GC heap after
{Heap after GC invocations=9 (full 0):
 garbage-first heap   total 51200K, used 20442K [0x0000000081400000, 0x0000000100000000)
  region size 1024K, 2 young (2048K), 2 survivors (2048K)
 Metaspace       used 35986K, committed 36288K, reserved 1081344K
  class space    used 4655K, committed 4800K, reserved 1048576K
}
Event: 22.638 GC heap before
{Heap before GC invocations=10 (full 0):
 garbage-first heap   total 51200K, used 35802K [0x0000000081400000, 0x0000000100000000)
  region size 1024K, 18 young (18432K), 2 survivors (2048K)
 Metaspace       used 36085K, committed 36416K, reserved 1081344K
  class space    used 4665K, committed 4800K, reserved 1048576K
}
Event: 22.645 GC heap after
{Heap after GC invocations=11 (full 0):
 garbage-first heap   total 51200K, used 24095K [0x0000000081400000, 0x0000000100000000)
  region size 1024K, 3 young (3072K), 3 survivors (3072K)
 Metaspace       used 36085K, committed 36416K, reserved 1081344K
  class space    used 4665K, committed 4800K, reserved 1048576K
}
Event: 22.766 GC heap before
{Heap before GC invocations=11 (full 0):
 garbage-first heap   total 51200K, used 36383K [0x0000000081400000, 0x0000000100000000)
  region size 1024K, 16 young (16384K), 3 survivors (3072K)
 Metaspace       used 36302K, committed 36608K, reserved 1081344K
  class space    used 4674K, committed 4800K, reserved 1048576K
}
Event: 22.770 GC heap after
{Heap after GC invocations=12 (full 0):
 garbage-first heap   total 51200K, used 26485K [0x0000000081400000, 0x0000000100000000)
  region size 1024K, 2 young (2048K), 2 survivors (2048K)
 Metaspace       used 36302K, committed 36608K, reserved 1081344K
  class space    used 4674K, committed 4800K, reserved 1048576K
}
Event: 22.860 GC heap before
{Heap before GC invocations=12 (full 0):
 garbage-first heap   total 51200K, used 36725K [0x0000000081400000, 0x0000000100000000)
  region size 1024K, 13 young (13312K), 2 survivors (2048K)
 Metaspace       used 36458K, committed 36800K, reserved 1081344K
  class space    used 4688K, committed 4864K, reserved 1048576K
}
Event: 22.864 GC heap after
{Heap after GC invocations=13 (full 0):
 garbage-first heap   total 62464K, used 28666K [0x0000000081400000, 0x0000000100000000)
  region size 1024K, 2 young (2048K), 2 survivors (2048K)
 Metaspace       used 36458K, committed 36800K, reserved 1081344K
  class space    used 4688K, committed 4864K, reserved 1048576K
}
Event: 23.097 GC heap before
{Heap before GC invocations=14 (full 0):
 garbage-first heap   total 62464K, used 44026K [0x0000000081400000, 0x0000000100000000)
  region size 1024K, 18 young (18432K), 2 survivors (2048K)
 Metaspace       used 37203K, committed 37504K, reserved 1081344K
  class space    used 4772K, committed 4928K, reserved 1048576K
}
Event: 23.102 GC heap after
{Heap after GC invocations=15 (full 0):
 garbage-first heap   total 62464K, used 31298K [0x0000000081400000, 0x0000000100000000)
  region size 1024K, 3 young (3072K), 3 survivors (3072K)
 Metaspace       used 37203K, committed 37504K, reserved 1081344K
  class space    used 4772K, committed 4928K, reserved 1048576K
}
Event: 23.181 GC heap before
{Heap before GC invocations=15 (full 0):
 garbage-first heap   total 62464K, used 44610K [0x0000000081400000, 0x0000000100000000)
  region size 1024K, 17 young (17408K), 3 survivors (3072K)
 Metaspace       used 37508K, committed 37824K, reserved 1089536K
  class space    used 4788K, committed 4928K, reserved 1048576K
}
Event: 23.186 GC heap after
{Heap after GC invocations=16 (full 0):
 garbage-first heap   total 62464K, used 33587K [0x0000000081400000, 0x0000000100000000)
  region size 1024K, 3 young (3072K), 3 survivors (3072K)
 Metaspace       used 37508K, committed 37824K, reserved 1089536K
  class space    used 4788K, committed 4928K, reserved 1048576K
}
Event: 23.315 GC heap before
{Heap before GC invocations=17 (full 0):
 garbage-first heap   total 68608K, used 45875K [0x0000000081400000, 0x0000000100000000)
  region size 1024K, 16 young (16384K), 3 survivors (3072K)
 Metaspace       used 37872K, committed 38144K, reserved 1089536K
  class space    used 4801K, committed 4928K, reserved 1048576K
}
Event: 23.320 GC heap after
{Heap after GC invocations=18 (full 0):
 garbage-first heap   total 68608K, used 35909K [0x0000000081400000, 0x0000000100000000)
  region size 1024K, 2 young (2048K), 2 survivors (2048K)
 Metaspace       used 37872K, committed 38144K, reserved 1089536K
  class space    used 4801K, committed 4928K, reserved 1048576K
}
Event: 23.330 GC heap before
{Heap before GC invocations=18 (full 0):
 garbage-first heap   total 68608K, used 36933K [0x0000000081400000, 0x0000000100000000)
  region size 1024K, 3 young (3072K), 2 survivors (2048K)
 Metaspace       used 37872K, committed 38144K, reserved 1089536K
  class space    used 4801K, committed 4928K, reserved 1048576K
}
Event: 23.333 GC heap after
{Heap after GC invocations=19 (full 0):
 garbage-first heap   total 68608K, used 36261K [0x0000000081400000, 0x0000000100000000)
  region size 1024K, 1 young (1024K), 1 survivors (1024K)
 Metaspace       used 37872K, committed 38144K, reserved 1089536K
  class space    used 4801K, committed 4928K, reserved 1048576K
}
Event: 23.537 GC heap before
{Heap before GC invocations=19 (full 0):
 garbage-first heap   total 68608K, used 50597K [0x0000000081400000, 0x0000000100000000)
  region size 1024K, 16 young (16384K), 1 survivors (1024K)
 Metaspace       used 37880K, committed 38208K, reserved 1089536K
  class space    used 4803K, committed 4928K, reserved 1048576K
}
Event: 23.544 GC heap after
{Heap after GC invocations=20 (full 0):
 garbage-first heap   total 68608K, used 40451K [0x0000000081400000, 0x0000000100000000)
  region size 1024K, 2 young (2048K), 2 survivors (2048K)
 Metaspace       used 37880K, committed 38208K, reserved 1089536K
  class space    used 4803K, committed 4928K, reserved 1048576K
}
Event: 23.647 GC heap before
{Heap before GC invocations=20 (full 0):
 garbage-first heap   total 68608K, used 52739K [0x0000000081400000, 0x0000000100000000)
  region size 1024K, 14 young (14336K), 2 survivors (2048K)
 Metaspace       used 38073K, committed 38336K, reserved 1089536K
  class space    used 4811K, committed 4928K, reserved 1048576K
}

