# JRE version: OpenJDK Runtime Environment Temurin-17.0.5+8 (17.0.5+8) (build 17.0.5+8)
# Java VM: OpenJDK 64-Bit Server VM Temurin-17.0.5+8 (17.0.5+8, mixed mode, emulated-client, tiered, compressed oops, compressed class ptrs, g1 gc, windows-amd64)
GC Precious Log:
 CPUs: 8 total, 8 available
 Memory: 8107M
 Large Page Support: Disabled
 NUMA Support: Disabled
 Compressed Oops: Enabled (32-bit)
 Heap Region Size: 1M
 Heap Min Capacity: 8M
 Heap Initial Capacity: 128M
 Heap Max Capacity: 2028M
 Pre-touch: Disabled
 Parallel Workers: 8
 Concurrent Workers: 2
 Concurrent Refinement Workers: 8
 Periodic GC: Disabled
Heap:
 garbage-first heap   total 148480K, used 74790K [0x0000000081400000, 0x0000000100000000)
  region size 1024K, 4 young (4096K), 4 survivors (4096K)
 Metaspace       used 38968K, committed 39360K, reserved 1089536K
  class space    used 4915K, committed 5120K, reserved 1048576K
GC Heap History (20 events):
Event: 18.702 GC heap after
{Heap after GC invocations=11 (full 0):
 garbage-first heap   total 63488K, used 27269K [0x0000000081400000, 0x0000000100000000)
  region size 1024K, 3 young (3072K), 3 survivors (3072K)
 Metaspace       used 36277K, committed 36608K, reserved 1081344K
  class space    used 4673K, committed 4800K, reserved 1048576K
}
Event: 18.937 GC heap before
{Heap before GC invocations=11 (full 0):
 garbage-first heap   total 63488K, used 44677K [0x0000000081400000, 0x0000000100000000)
  region size 1024K, 21 young (21504K), 3 survivors (3072K)
 Metaspace       used 36655K, committed 36992K, reserved 1081344K
  class space    used 4709K, committed 4864K, reserved 1048576K
}
Event: 18.944 GC heap after
{Heap after GC invocations=12 (full 0):
 garbage-first heap   total 63488K, used 30664K [0x0000000081400000, 0x0000000100000000)
  region size 1024K, 3 young (3072K), 3 survivors (3072K)
 Metaspace       used 36655K, committed 36992K, reserved 1081344K
  class space    used 4709K, committed 4864K, reserved 1048576K
}
Event: 19.048 GC heap before
{Heap before GC invocations=12 (full 0):
 garbage-first heap   total 63488K, used 46024K [0x0000000081400000, 0x0000000100000000)
  region size 1024K, 18 young (18432K), 3 survivors (3072K)
 Metaspace       used 36861K, committed 37184K, reserved 1081344K
  class space    used 4731K, committed 4864K, reserved 1048576K
}
Event: 19.053 GC heap after
{Heap after GC invocations=13 (full 0):
 garbage-first heap   total 63488K, used 33392K [0x0000000081400000, 0x0000000100000000)
  region size 1024K, 3 young (3072K), 3 survivors (3072K)
 Metaspace       used 36861K, committed 37184K, reserved 1081344K
  class space    used 4731K, committed 4864K, reserved 1048576K
}
Event: 19.158 GC heap before
{Heap before GC invocations=14 (full 0):
 garbage-first heap   total 70656K, used 46704K [0x0000000081400000, 0x0000000100000000)
  region size 1024K, 17 young (17408K), 3 survivors (3072K)
 Metaspace       used 37005K, committed 37312K, reserved 1081344K
  class space    used 4754K, committed 4864K, reserved 1048576K
}
Event: 19.163 GC heap after
{Heap after GC invocations=15 (full 0):
 garbage-first heap   total 70656K, used 36220K [0x0000000081400000, 0x0000000100000000)
  region size 1024K, 3 young (3072K), 3 survivors (3072K)
 Metaspace       used 37005K, committed 37312K, reserved 1081344K
  class space    used 4754K, committed 4864K, reserved 1048576K
}
Event: 19.254 GC heap before
{Heap before GC invocations=15 (full 0):
 garbage-first heap   total 70656K, used 51580K [0x0000000081400000, 0x0000000100000000)
  region size 1024K, 19 young (19456K), 3 survivors (3072K)
 Metaspace       used 37152K, committed 37504K, reserved 1081344K
  class space    used 4766K, committed 4928K, reserved 1048576K
}
Event: 19.263 GC heap after
{Heap after GC invocations=16 (full 0):
 garbage-first heap   total 70656K, used 41079K [0x0000000081400000, 0x0000000100000000)
  region size 1024K, 3 young (3072K), 3 survivors (3072K)
 Metaspace       used 37152K, committed 37504K, reserved 1081344K
  class space    used 4766K, committed 4928K, reserved 1048576K
}
Event: 19.327 GC heap before
{Heap before GC invocations=16 (full 0):
 garbage-first heap   total 91136K, used 53367K [0x0000000081400000, 0x0000000100000000)
  region size 1024K, 15 young (15360K), 3 survivors (3072K)
 Metaspace       used 37344K, committed 37632K, reserved 1081344K
  class space    used 4778K, committed 4928K, reserved 1048576K
}
Event: 19.334 GC heap after
{Heap after GC invocations=17 (full 0):
 garbage-first heap   total 148480K, used 44201K [0x0000000081400000, 0x0000000100000000)
  region size 1024K, 2 young (2048K), 2 survivors (2048K)
 Metaspace       used 37344K, committed 37632K, reserved 1081344K
  class space    used 4778K, committed 4928K, reserved 1048576K
}
Event: 20.194 GC heap before
{Heap before GC invocations=18 (full 0):
 garbage-first heap   total 148480K, used 106665K [0x0000000081400000, 0x0000000100000000)
  region size 1024K, 62 young (63488K), 2 survivors (2048K)
 Metaspace       used 38744K, committed 39104K, reserved 1089536K
  class space    used 4887K, committed 5056K, reserved 1048576K
}
Event: 20.215 GC heap after
{Heap after GC invocations=19 (full 0):
 garbage-first heap   total 148480K, used 63458K [0x0000000081400000, 0x0000000100000000)
  region size 1024K, 8 young (8192K), 8 survivors (8192K)
 Metaspace       used 38744K, committed 39104K, reserved 1089536K
  class space    used 4887K, committed 5056K, reserved 1048576K
}
Event: 20.344 GC heap before
{Heap before GC invocations=19 (full 0):
 garbage-first heap   total 148480K, used 101346K [0x0000000081400000, 0x0000000100000000)
  region size 1024K, 46 young (47104K), 8 survivors (8192K)
 Metaspace       used 38839K, committed 39168K, reserved 1089536K
  class space    used 4897K, committed 5056K, reserved 1048576K
}
Event: 20.374 GC heap after
{Heap after GC invocations=20 (full 0):
 garbage-first heap   total 148480K, used 69590K [0x0000000081400000, 0x0000000100000000)
  region size 1024K, 6 young (6144K), 6 survivors (6144K)
 Metaspace       used 38839K, committed 39168K, reserved 1089536K
  class space    used 4897K, committed 5056K, reserved 1048576K
}
Event: 20.399 GC heap before
{Heap before GC invocations=20 (full 0):
 garbage-first heap   total 148480K, used 105430K [0x0000000081400000, 0x0000000100000000)
  region size 1024K, 42 young (43008K), 6 survivors (6144K)
 Metaspace       used 38945K, committed 39360K, reserved 1089536K
  class space    used 4910K, committed 5120K, reserved 1048576K
}
Event: 20.420 GC heap after
{Heap after GC invocations=21 (full 0):
 garbage-first heap   total 148480K, used 71666K [0x0000000081400000, 0x0000000100000000)
  region size 1024K, 2 young (2048K), 2 survivors (2048K)
 Metaspace       used 38945K, committed 39360K, reserved 1089536K
  class space    used 4910K, committed 5120K, reserved 1048576K
}
Event: 20.446 GC heap before
{Heap before GC invocations=21 (full 0):
 garbage-first heap   total 148480K, used 109554K [0x0000000081400000, 0x0000000100000000)
  region size 1024K, 40 young (40960K), 2 survivors (2048K)
 Metaspace       used 38968K, committed 39360K, reserved 1089536K
  class space    used 4915K, committed 5120K, reserved 1048576K
}
Event: 20.449 GC heap after
{Heap after GC invocations=22 (full 0):
 garbage-first heap   total 148480K, used 73111K [0x0000000081400000, 0x0000000100000000)
  region size 1024K, 4 young (4096K), 4 survivors (4096K)
 Metaspace       used 38968K, committed 39360K, reserved 1089536K
  class space    used 4915K, committed 5120K, reserved 1048576K
}
Event: 20.525 GC heap before
{Heap before GC invocations=22 (full 0):
 garbage-first heap   total 148480K, used 112023K [0x0000000081400000, 0x0000000100000000)
  region size 1024K, 43 young (44032K), 4 survivors (4096K)
 Metaspace       used 38968K, committed 39360K, reserved 1089536K
  class space    used 4915K, committed 5120K, reserved 1048576K
}

