# JRE version: OpenJDK Runtime Environment Temurin-17.0.5+8 (17.0.5+8) (build 17.0.5+8)
# Java VM: OpenJDK 64-Bit Server VM Temurin-17.0.5+8 (17.0.5+8, mixed mode, tiered, compressed oops, compressed class ptrs, parallel gc, windows-amd64)
GC Precious Log:
 CPUs: 8 total, 8 available
 Memory: 8107M
 Large Page Support: Disabled
 NUMA Support: Disabled
 Compressed Oops: Enabled (32-bit)
 Alignments: Space 512K, Generation 512K, Heap 2M
 Heap Min Capacity: 100M
 Heap Initial Capacity: 100M
 Heap Max Capacity: 1G
 Pre-touch: Disabled
 Parallel Workers: 8
Heap:
 PSYoungGen      total 22528K, used 6351K [0x00000000eab00000, 0x00000000ec500000, 0x0000000100000000)
  eden space 18432K, 14% used [0x00000000eab00000,0x00000000ead93db0,0x00000000ebd00000)
  from space 4096K, 90% used [0x00000000ebd00000,0x00000000ec0a0000,0x00000000ec100000)
  to   space 4096K, 0% used [0x00000000ec100000,0x00000000ec100000,0x00000000ec500000)
 ParOldGen       total 68608K, used 38952K [0x00000000c0000000, 0x00000000c4300000, 0x00000000eab00000)
  object space 68608K, 56% used [0x00000000c0000000,0x00000000c260a048,0x00000000c4300000)
 Metaspace       used 50429K, committed 51456K, reserved 1097728K
  class space    used 5375K, committed 5824K, reserved 1048576K
GC Heap History (20 events):
Event: 23.739 GC heap before
{Heap before GC invocations=17 (full 2):
 PSYoungGen      total 24576K, used 24032K [0x00000000eab00000, 0x00000000ec580000, 0x0000000100000000)
  eden space 22016K, 100% used [0x00000000eab00000,0x00000000ec080000,0x00000000ec080000)
  from space 2560K, 78% used [0x00000000ec300000,0x00000000ec4f8020,0x00000000ec580000)
  to   space 2560K, 0% used [0x00000000ec080000,0x00000000ec080000,0x00000000ec300000)
 ParOldGen       total 68608K, used 18131K [0x00000000c0000000, 0x00000000c4300000, 0x00000000eab00000)
  object space 68608K, 26% used [0x00000000c0000000,0x00000000c11b4cf0,0x00000000c4300000)
 Metaspace       used 46244K, committed 47168K, reserved 1097728K
  class space    used 4998K, committed 5440K, reserved 1048576K
}
Event: 23.743 GC heap after
{Heap after GC invocations=17 (full 2):
 PSYoungGen      total 24576K, used 2112K [0x00000000eab00000, 0x00000000ec580000, 0x0000000100000000)
  eden space 22016K, 0% used [0x00000000eab00000,0x00000000eab00000,0x00000000ec080000)
  from space 2560K, 82% used [0x00000000ec080000,0x00000000ec290000,0x00000000ec300000)
  to   space 2560K, 0% used [0x00000000ec300000,0x00000000ec300000,0x00000000ec580000)
 ParOldGen       total 68608K, used 20071K [0x00000000c0000000, 0x00000000c4300000, 0x00000000eab00000)
  object space 68608K, 29% used [0x00000000c0000000,0x00000000c1399d30,0x00000000c4300000)
 Metaspace       used 46244K, committed 47168K, reserved 1097728K
  class space    used 4998K, committed 5440K, reserved 1048576K
}
Event: 23.956 GC heap before
{Heap before GC invocations=18 (full 2):
 PSYoungGen      total 24576K, used 24128K [0x00000000eab00000, 0x00000000ec580000, 0x0000000100000000)
  eden space 22016K, 100% used [0x00000000eab00000,0x00000000ec080000,0x00000000ec080000)
  from space 2560K, 82% used [0x00000000ec080000,0x00000000ec290000,0x00000000ec300000)
  to   space 2560K, 0% used [0x00000000ec300000,0x00000000ec300000,0x00000000ec580000)
 ParOldGen       total 68608K, used 20071K [0x00000000c0000000, 0x00000000c4300000, 0x00000000eab00000)
  object space 68608K, 29% used [0x00000000c0000000,0x00000000c1399d30,0x00000000c4300000)
 Metaspace       used 46289K, committed 47232K, reserved 1097728K
  class space    used 5008K, committed 5440K, reserved 1048576K
}
Event: 23.961 GC heap after
{Heap after GC invocations=18 (full 2):
 PSYoungGen      total 22016K, used 2528K [0x00000000eab00000, 0x00000000eca80000, 0x0000000100000000)
  eden space 19456K, 0% used [0x00000000eab00000,0x00000000eab00000,0x00000000ebe00000)
  from space 2560K, 98% used [0x00000000ec300000,0x00000000ec578020,0x00000000ec580000)
  to   space 5120K, 0% used [0x00000000ebe00000,0x00000000ebe00000,0x00000000ec300000)
 ParOldGen       total 68608K, used 22135K [0x00000000c0000000, 0x00000000c4300000, 0x00000000eab00000)
  object space 68608K, 32% used [0x00000000c0000000,0x00000000c159dd30,0x00000000c4300000)
 Metaspace       used 46289K, committed 47232K, reserved 1097728K
  class space    used 5008K, committed 5440K, reserved 1048576K
}
Event: 24.075 GC heap before
{Heap before GC invocations=19 (full 2):
 PSYoungGen      total 22016K, used 21984K [0x00000000eab00000, 0x00000000eca80000, 0x0000000100000000)
  eden space 19456K, 100% used [0x00000000eab00000,0x00000000ebe00000,0x00000000ebe00000)
  from space 2560K, 98% used [0x00000000ec300000,0x00000000ec578020,0x00000000ec580000)
  to   space 5120K, 0% used [0x00000000ebe00000,0x00000000ebe00000,0x00000000ec300000)
 ParOldGen       total 68608K, used 22135K [0x00000000c0000000, 0x00000000c4300000, 0x00000000eab00000)
  object space 68608K, 32% used [0x00000000c0000000,0x00000000c159dd30,0x00000000c4300000)
 Metaspace       used 46289K, committed 47232K, reserved 1097728K
  class space    used 5008K, committed 5440K, reserved 1048576K
}
Event: 24.080 GC heap after
{Heap after GC invocations=19 (full 2):
 PSYoungGen      total 22016K, used 2144K [0x00000000eab00000, 0x00000000ec400000, 0x0000000100000000)
  eden space 19456K, 0% used [0x00000000eab00000,0x00000000eab00000,0x00000000ebe00000)
  from space 2560K, 83% used [0x00000000ebe00000,0x00000000ec018000,0x00000000ec080000)
  to   space 3072K, 0% used [0x00000000ec100000,0x00000000ec100000,0x00000000ec400000)
 ParOldGen       total 68608K, used 24642K [0x00000000c0000000, 0x00000000c4300000, 0x00000000eab00000)
  object space 68608K, 35% used [0x00000000c0000000,0x00000000c1810b48,0x00000000c4300000)
 Metaspace       used 46289K, committed 47232K, reserved 1097728K
  class space    used 5008K, committed 5440K, reserved 1048576K
}
Event: 24.163 GC heap before
{Heap before GC invocations=20 (full 2):
 PSYoungGen      total 22016K, used 21600K [0x00000000eab00000, 0x00000000ec400000, 0x0000000100000000)
  eden space 19456K, 100% used [0x00000000eab00000,0x00000000ebe00000,0x00000000ebe00000)
  from space 2560K, 83% used [0x00000000ebe00000,0x00000000ec018000,0x00000000ec080000)
  to   space 3072K, 0% used [0x00000000ec100000,0x00000000ec100000,0x00000000ec400000)
 ParOldGen       total 68608K, used 24642K [0x00000000c0000000, 0x00000000c4300000, 0x00000000eab00000)
  object space 68608K, 35% used [0x00000000c0000000,0x00000000c1810b48,0x00000000c4300000)
 Metaspace       used 46289K, committed 47232K, reserved 1097728K
  class space    used 5008K, committed 5440K, reserved 1048576K
}
Event: 24.168 GC heap after
{Heap after GC invocations=20 (full 2):
 PSYoungGen      total 22016K, used 2272K [0x00000000eab00000, 0x00000000ec380000, 0x0000000100000000)
  eden space 19456K, 0% used [0x00000000eab00000,0x00000000eab00000,0x00000000ebe00000)
  from space 2560K, 88% used [0x00000000ec100000,0x00000000ec338010,0x00000000ec380000)
  to   space 2560K, 0% used [0x00000000ebe00000,0x00000000ebe00000,0x00000000ec080000)
 ParOldGen       total 68608K, used 26658K [0x00000000c0000000, 0x00000000c4300000, 0x00000000eab00000)
  object space 68608K, 38% used [0x00000000c0000000,0x00000000c1a08b48,0x00000000c4300000)
 Metaspace       used 46289K, committed 47232K, reserved 1097728K
  class space    used 5008K, committed 5440K, reserved 1048576K
}
Event: 24.693 GC heap before
{Heap before GC invocations=21 (full 2):
 PSYoungGen      total 22016K, used 21728K [0x00000000eab00000, 0x00000000ec380000, 0x0000000100000000)
  eden space 19456K, 100% used [0x00000000eab00000,0x00000000ebe00000,0x00000000ebe00000)
  from space 2560K, 88% used [0x00000000ec100000,0x00000000ec338010,0x00000000ec380000)
  to   space 2560K, 0% used [0x00000000ebe00000,0x00000000ebe00000,0x00000000ec080000)
 ParOldGen       total 68608K, used 26658K [0x00000000c0000000, 0x00000000c4300000, 0x00000000eab00000)
  object space 68608K, 38% used [0x00000000c0000000,0x00000000c1a08b48,0x00000000c4300000)
 Metaspace       used 46673K, committed 47616K, reserved 1097728K
  class space    used 5034K, committed 5440K, reserved 1048576K
}
Event: 24.697 GC heap after
{Heap after GC invocations=21 (full 2):
 PSYoungGen      total 22016K, used 2252K [0x00000000eab00000, 0x00000000ec300000, 0x0000000100000000)
  eden space 19456K, 0% used [0x00000000eab00000,0x00000000eab00000,0x00000000ebe00000)
  from space 2560K, 87% used [0x00000000ebe00000,0x00000000ec033240,0x00000000ec080000)
  to   space 2560K, 0% used [0x00000000ec080000,0x00000000ec080000,0x00000000ec300000)
 ParOldGen       total 68608K, used 28816K [0x00000000c0000000, 0x00000000c4300000, 0x00000000eab00000)
  object space 68608K, 42% used [0x00000000c0000000,0x00000000c1c243d8,0x00000000c4300000)
 Metaspace       used 46673K, committed 47616K, reserved 1097728K
  class space    used 5034K, committed 5440K, reserved 1048576K
}
Event: 25.675 GC heap before
{Heap before GC invocations=22 (full 2):
 PSYoungGen      total 22016K, used 21708K [0x00000000eab00000, 0x00000000ec300000, 0x0000000100000000)
  eden space 19456K, 100% used [0x00000000eab00000,0x00000000ebe00000,0x00000000ebe00000)
  from space 2560K, 87% used [0x00000000ebe00000,0x00000000ec033240,0x00000000ec080000)
  to   space 2560K, 0% used [0x00000000ec080000,0x00000000ec080000,0x00000000ec300000)
 ParOldGen       total 68608K, used 28816K [0x00000000c0000000, 0x00000000c4300000, 0x00000000eab00000)
  object space 68608K, 42% used [0x00000000c0000000,0x00000000c1c243d8,0x00000000c4300000)
 Metaspace       used 48144K, committed 49088K, reserved 1097728K
  class space    used 5187K, committed 5568K, reserved 1048576K
}
Event: 25.680 GC heap after
{Heap after GC invocations=22 (full 2):
 PSYoungGen      total 21504K, used 1760K [0x00000000eab00000, 0x00000000ec280000, 0x0000000100000000)
  eden space 19456K, 0% used [0x00000000eab00000,0x00000000eab00000,0x00000000ebe00000)
  from space 2048K, 85% used [0x00000000ec080000,0x00000000ec238000,0x00000000ec280000)
  to   space 2048K, 0% used [0x00000000ebe80000,0x00000000ebe80000,0x00000000ec080000)
 ParOldGen       total 68608K, used 30781K [0x00000000c0000000, 0x00000000c4300000, 0x00000000eab00000)
  object space 68608K, 44% used [0x00000000c0000000,0x00000000c1e0f730,0x00000000c4300000)
 Metaspace       used 48144K, committed 49088K, reserved 1097728K
  class space    used 5187K, committed 5568K, reserved 1048576K
}
Event: 26.888 GC heap before
{Heap before GC invocations=23 (full 2):
 PSYoungGen      total 21504K, used 21216K [0x00000000eab00000, 0x00000000ec280000, 0x0000000100000000)
  eden space 19456K, 100% used [0x00000000eab00000,0x00000000ebe00000,0x00000000ebe00000)
  from space 2048K, 85% used [0x00000000ec080000,0x00000000ec238000,0x00000000ec280000)
  to   space 2048K, 0% used [0x00000000ebe80000,0x00000000ebe80000,0x00000000ec080000)
 ParOldGen       total 68608K, used 30781K [0x00000000c0000000, 0x00000000c4300000, 0x00000000eab00000)
  object space 68608K, 44% used [0x00000000c0000000,0x00000000c1e0f730,0x00000000c4300000)
 Metaspace       used 48684K, committed 49600K, reserved 1097728K
  class space    used 5228K, committed 5632K, reserved 1048576K
}
Event: 26.893 GC heap after
{Heap after GC invocations=23 (full 2):
 PSYoungGen      total 21504K, used 2048K [0x00000000eab00000, 0x00000000ec600000, 0x0000000100000000)
  eden space 19456K, 0% used [0x00000000eab00000,0x00000000eab00000,0x00000000ebe00000)
  from space 2048K, 100% used [0x00000000ebe80000,0x00000000ec080000,0x00000000ec080000)
  to   space 4096K, 0% used [0x00000000ec200000,0x00000000ec200000,0x00000000ec600000)
 ParOldGen       total 68608K, used 32381K [0x00000000c0000000, 0x00000000c4300000, 0x00000000eab00000)
  object space 68608K, 47% used [0x00000000c0000000,0x00000000c1f9f6e0,0x00000000c4300000)
 Metaspace       used 48684K, committed 49600K, reserved 1097728K
  class space    used 5228K, committed 5632K, reserved 1048576K
}
Event: 28.091 GC heap before
{Heap before GC invocations=24 (full 2):
 PSYoungGen      total 21504K, used 21504K [0x00000000eab00000, 0x00000000ec600000, 0x0000000100000000)
  eden space 19456K, 100% used [0x00000000eab00000,0x00000000ebe00000,0x00000000ebe00000)
  from space 2048K, 100% used [0x00000000ebe80000,0x00000000ec080000,0x00000000ec080000)
  to   space 4096K, 0% used [0x00000000ec200000,0x00000000ec200000,0x00000000ec600000)
 ParOldGen       total 68608K, used 32381K [0x00000000c0000000, 0x00000000c4300000, 0x00000000eab00000)
  object space 68608K, 47% used [0x00000000c0000000,0x00000000c1f9f6e0,0x00000000c4300000)
 Metaspace       used 48978K, committed 49984K, reserved 1097728K
  class space    used 5251K, committed 5696K, reserved 1048576K
}
Event: 28.095 GC heap after
{Heap after GC invocations=24 (full 2):
 PSYoungGen      total 20992K, used 1440K [0x00000000eab00000, 0x00000000ec380000, 0x0000000100000000)
  eden space 19456K, 0% used [0x00000000eab00000,0x00000000eab00000,0x00000000ebe00000)
  from space 1536K, 93% used [0x00000000ec200000,0x00000000ec368000,0x00000000ec380000)
  to   space 2560K, 0% used [0x00000000ebe80000,0x00000000ebe80000,0x00000000ec100000)
 ParOldGen       total 68608K, used 34261K [0x00000000c0000000, 0x00000000c4300000, 0x00000000eab00000)
  object space 68608K, 49% used [0x00000000c0000000,0x00000000c21756f0,0x00000000c4300000)
 Metaspace       used 48978K, committed 49984K, reserved 1097728K
  class space    used 5251K, committed 5696K, reserved 1048576K
}
Event: 29.804 GC heap before
{Heap before GC invocations=25 (full 2):
 PSYoungGen      total 20992K, used 20896K [0x00000000eab00000, 0x00000000ec380000, 0x0000000100000000)
  eden space 19456K, 100% used [0x00000000eab00000,0x00000000ebe00000,0x00000000ebe00000)
  from space 1536K, 93% used [0x00000000ec200000,0x00000000ec368000,0x00000000ec380000)
  to   space 2560K, 0% used [0x00000000ebe80000,0x00000000ebe80000,0x00000000ec100000)
 ParOldGen       total 68608K, used 34261K [0x00000000c0000000, 0x00000000c4300000, 0x00000000eab00000)
  object space 68608K, 49% used [0x00000000c0000000,0x00000000c21756f0,0x00000000c4300000)
 Metaspace       used 49726K, committed 50752K, reserved 1097728K
  class space    used 5330K, committed 5760K, reserved 1048576K
}
Event: 29.810 GC heap after
{Heap after GC invocations=25 (full 2):
 PSYoungGen      total 22016K, used 1207K [0x00000000eab00000, 0x00000000ec280000, 0x0000000100000000)
  eden space 19456K, 0% used [0x00000000eab00000,0x00000000eab00000,0x00000000ebe00000)
  from space 2560K, 47% used [0x00000000ebe80000,0x00000000ebfadf60,0x00000000ec100000)
  to   space 1536K, 0% used [0x00000000ec100000,0x00000000ec100000,0x00000000ec280000)
 ParOldGen       total 68608K, used 35618K [0x00000000c0000000, 0x00000000c4300000, 0x00000000eab00000)
  object space 68608K, 51% used [0x00000000c0000000,0x00000000c22c8920,0x00000000c4300000)
 Metaspace       used 49726K, committed 50752K, reserved 1097728K
  class space    used 5330K, committed 5760K, reserved 1048576K
}
Event: 30.791 GC heap before
{Heap before GC invocations=26 (full 2):
 PSYoungGen      total 22016K, used 20663K [0x00000000eab00000, 0x00000000ec280000, 0x0000000100000000)
  eden space 19456K, 100% used [0x00000000eab00000,0x00000000ebe00000,0x00000000ebe00000)
  from space 2560K, 47% used [0x00000000ebe80000,0x00000000ebfadf60,0x00000000ec100000)
  to   space 1536K, 0% used [0x00000000ec100000,0x00000000ec100000,0x00000000ec280000)
 ParOldGen       total 68608K, used 35618K [0x00000000c0000000, 0x00000000c4300000, 0x00000000eab00000)
  object space 68608K, 51% used [0x00000000c0000000,0x00000000c22c8920,0x00000000c4300000)
 Metaspace       used 50263K, committed 51264K, reserved 1097728K
  class space    used 5375K, committed 5824K, reserved 1048576K
}
Event: 30.795 GC heap after
{Heap after GC invocations=26 (full 2):
 PSYoungGen      total 19968K, used 1536K [0x00000000eab00000, 0x00000000ec600000, 0x0000000100000000)
  eden space 18432K, 0% used [0x00000000eab00000,0x00000000eab00000,0x00000000ebd00000)
  from space 1536K, 100% used [0x00000000ec100000,0x00000000ec280000,0x00000000ec280000)
  to   space 4096K, 0% used [0x00000000ebd00000,0x00000000ebd00000,0x00000000ec100000)
 ParOldGen       total 68608K, used 37584K [0x00000000c0000000, 0x00000000c4300000, 0x00000000eab00000)
  object space 68608K, 54% used [0x00000000c0000000,0x00000000c24b4328,0x00000000c4300000)
 Metaspace       used 50263K, committed 51264K, reserved 1097728K
  class space    used 5375K, committed 5824K, reserved 1048576K
}

