# JRE version: OpenJDK Runtime Environment Temurin-17.0.5+8 (17.0.5+8) (build 17.0.5+8)
# Java VM: OpenJDK 64-Bit Server VM Temurin-17.0.5+8 (17.0.5+8, mixed mode, tiered, compressed oops, compressed class ptrs, parallel gc, windows-amd64)
GC Precious Log:
 CPUs: 8 total, 8 available
 Memory: 8107M
 Large Page Support: Disabled
 NUMA Support: Disabled
 Compressed Oops: Enabled (32-bit)
 Alignments: Space 512K, Generation 512K, Heap 2M
 Heap Min Capacity: 100M
 Heap Initial Capacity: 100M
 Heap Max Capacity: 1G
 Pre-touch: Disabled
 Parallel Workers: 8
Heap:
 PSYoungGen      total 20992K, used 1636K [0x00000000eab00000, 0x00000000ec200000, 0x0000000100000000)
  eden space 20480K, 5% used [0x00000000eab00000,0x00000000eac19178,0x00000000ebf00000)
  from space 512K, 100% used [0x00000000ec180000,0x00000000ec200000,0x00000000ec200000)
  to   space 1024K, 0% used [0x00000000ec000000,0x00000000ec000000,0x00000000ec100000)
 ParOldGen       total 68608K, used 25269K [0x00000000c0000000, 0x00000000c4300000, 0x00000000eab00000)
  object space 68608K, 36% used [0x00000000c0000000,0x00000000c18ad418,0x00000000c4300000)
 Metaspace       used 41040K, committed 41728K, reserved 1089536K
  class space    used 4165K, committed 4480K, reserved 1048576K
GC Heap History (20 events):
Event: 25.453 GC heap before
{Heap before GC invocations=11 (full 1):
 PSYoungGen      total 26112K, used 25942K [0x00000000eab00000, 0x00000000ec780000, 0x0000000100000000)
  eden space 23040K, 100% used [0x00000000eab00000,0x00000000ec180000,0x00000000ec180000)
  from space 3072K, 94% used [0x00000000ec200000,0x00000000ec4d5948,0x00000000ec500000)
  to   space 2560K, 0% used [0x00000000ec500000,0x00000000ec500000,0x00000000ec780000)
 ParOldGen       total 68608K, used 10857K [0x00000000c0000000, 0x00000000c4300000, 0x00000000eab00000)
  object space 68608K, 15% used [0x00000000c0000000,0x00000000c0a9a6a8,0x00000000c4300000)
 Metaspace       used 34801K, committed 35328K, reserved 1081344K
  class space    used 3521K, committed 3776K, reserved 1048576K
}
Event: 25.459 GC heap after
{Heap after GC invocations=11 (full 1):
 PSYoungGen      total 23040K, used 2528K [0x00000000eab00000, 0x00000000ecd00000, 0x0000000100000000)
  eden space 20480K, 0% used [0x00000000eab00000,0x00000000eab00000,0x00000000ebf00000)
  from space 2560K, 98% used [0x00000000ec500000,0x00000000ec778020,0x00000000ec780000)
  to   space 6144K, 0% used [0x00000000ebf00000,0x00000000ebf00000,0x00000000ec500000)
 ParOldGen       total 68608K, used 13658K [0x00000000c0000000, 0x00000000c4300000, 0x00000000eab00000)
  object space 68608K, 19% used [0x00000000c0000000,0x00000000c0d56b68,0x00000000c4300000)
 Metaspace       used 34801K, committed 35328K, reserved 1081344K
  class space    used 3521K, committed 3776K, reserved 1048576K
}
Event: 25.787 GC heap before
{Heap before GC invocations=12 (full 1):
 PSYoungGen      total 23040K, used 23008K [0x00000000eab00000, 0x00000000ecd00000, 0x0000000100000000)
  eden space 20480K, 100% used [0x00000000eab00000,0x00000000ebf00000,0x00000000ebf00000)
  from space 2560K, 98% used [0x00000000ec500000,0x00000000ec778020,0x00000000ec780000)
  to   space 6144K, 0% used [0x00000000ebf00000,0x00000000ebf00000,0x00000000ec500000)
 ParOldGen       total 68608K, used 13658K [0x00000000c0000000, 0x00000000c4300000, 0x00000000eab00000)
  object space 68608K, 19% used [0x00000000c0000000,0x00000000c0d56b68,0x00000000c4300000)
 Metaspace       used 34802K, committed 35328K, reserved 1081344K
  class space    used 3521K, committed 3776K, reserved 1048576K
}
Event: 25.792 GC heap after
{Heap after GC invocations=12 (full 1):
 PSYoungGen      total 23040K, used 2144K [0x00000000eab00000, 0x00000000ec600000, 0x0000000100000000)
  eden space 20480K, 0% used [0x00000000eab00000,0x00000000eab00000,0x00000000ebf00000)
  from space 2560K, 83% used [0x00000000ebf00000,0x00000000ec118000,0x00000000ec180000)
  to   space 3584K, 0% used [0x00000000ec280000,0x00000000ec280000,0x00000000ec600000)
 ParOldGen       total 68608K, used 16204K [0x00000000c0000000, 0x00000000c4300000, 0x00000000eab00000)
  object space 68608K, 23% used [0x00000000c0000000,0x00000000c0fd30d8,0x00000000c4300000)
 Metaspace       used 34802K, committed 35328K, reserved 1081344K
  class space    used 3521K, committed 3776K, reserved 1048576K
}
Event: 26.000 GC heap before
{Heap before GC invocations=13 (full 1):
 PSYoungGen      total 23040K, used 22624K [0x00000000eab00000, 0x00000000ec600000, 0x0000000100000000)
  eden space 20480K, 100% used [0x00000000eab00000,0x00000000ebf00000,0x00000000ebf00000)
  from space 2560K, 83% used [0x00000000ebf00000,0x00000000ec118000,0x00000000ec180000)
  to   space 3584K, 0% used [0x00000000ec280000,0x00000000ec280000,0x00000000ec600000)
 ParOldGen       total 68608K, used 16204K [0x00000000c0000000, 0x00000000c4300000, 0x00000000eab00000)
  object space 68608K, 23% used [0x00000000c0000000,0x00000000c0fd30d8,0x00000000c4300000)
 Metaspace       used 34802K, committed 35328K, reserved 1081344K
  class space    used 3521K, committed 3776K, reserved 1048576K
}
Event: 26.005 GC heap after
{Heap after GC invocations=13 (full 1):
 PSYoungGen      total 23040K, used 2528K [0x00000000eab00000, 0x00000000ec500000, 0x0000000100000000)
  eden space 20480K, 0% used [0x00000000eab00000,0x00000000eab00000,0x00000000ebf00000)
  from space 2560K, 98% used [0x00000000ec280000,0x00000000ec4f8010,0x00000000ec500000)
  to   space 3072K, 0% used [0x00000000ebf00000,0x00000000ebf00000,0x00000000ec200000)
 ParOldGen       total 68608K, used 18244K [0x00000000c0000000, 0x00000000c4300000, 0x00000000eab00000)
  object space 68608K, 26% used [0x00000000c0000000,0x00000000c11d10d8,0x00000000c4300000)
 Metaspace       used 34802K, committed 35328K, reserved 1081344K
  class space    used 3521K, committed 3776K, reserved 1048576K
}
Event: 26.340 GC heap before
{Heap before GC invocations=14 (full 1):
 PSYoungGen      total 23040K, used 23008K [0x00000000eab00000, 0x00000000ec500000, 0x0000000100000000)
  eden space 20480K, 100% used [0x00000000eab00000,0x00000000ebf00000,0x00000000ebf00000)
  from space 2560K, 98% used [0x00000000ec280000,0x00000000ec4f8010,0x00000000ec500000)
  to   space 3072K, 0% used [0x00000000ebf00000,0x00000000ebf00000,0x00000000ec200000)
 ParOldGen       total 68608K, used 18244K [0x00000000c0000000, 0x00000000c4300000, 0x00000000eab00000)
  object space 68608K, 26% used [0x00000000c0000000,0x00000000c11d10d8,0x00000000c4300000)
 Metaspace       used 34869K, committed 35392K, reserved 1081344K
  class space    used 3524K, committed 3776K, reserved 1048576K
}
Event: 26.345 GC heap after
{Heap after GC invocations=14 (full 1):
 PSYoungGen      total 23552K, used 2624K [0x00000000eab00000, 0x00000000ec500000, 0x0000000100000000)
  eden space 20480K, 0% used [0x00000000eab00000,0x00000000eab00000,0x00000000ebf00000)
  from space 3072K, 85% used [0x00000000ebf00000,0x00000000ec190000,0x00000000ec200000)
  to   space 3072K, 0% used [0x00000000ec200000,0x00000000ec200000,0x00000000ec500000)
 ParOldGen       total 68608K, used 20636K [0x00000000c0000000, 0x00000000c4300000, 0x00000000eab00000)
  object space 68608K, 30% used [0x00000000c0000000,0x00000000c14270e8,0x00000000c4300000)
 Metaspace       used 34869K, committed 35392K, reserved 1081344K
  class space    used 3524K, committed 3776K, reserved 1048576K
}
Event: 31.984 GC heap before
{Heap before GC invocations=15 (full 1):
 PSYoungGen      total 23552K, used 5574K [0x00000000eab00000, 0x00000000ec500000, 0x0000000100000000)
  eden space 20480K, 14% used [0x00000000eab00000,0x00000000eade19d0,0x00000000ebf00000)
  from space 3072K, 85% used [0x00000000ebf00000,0x00000000ec190000,0x00000000ec200000)
  to   space 3072K, 0% used [0x00000000ec200000,0x00000000ec200000,0x00000000ec500000)
 ParOldGen       total 68608K, used 20636K [0x00000000c0000000, 0x00000000c4300000, 0x00000000eab00000)
  object space 68608K, 30% used [0x00000000c0000000,0x00000000c14270e8,0x00000000c4300000)
 Metaspace       used 35203K, committed 35840K, reserved 1081344K
  class space    used 3556K, committed 3840K, reserved 1048576K
}
Event: 31.988 GC heap after
{Heap after GC invocations=15 (full 1):
 PSYoungGen      total 21504K, used 684K [0x00000000eab00000, 0x00000000ec300000, 0x0000000100000000)
  eden space 20480K, 0% used [0x00000000eab00000,0x00000000eab00000,0x00000000ebf00000)
  from space 1024K, 66% used [0x00000000ec200000,0x00000000ec2ab2b8,0x00000000ec300000)
  to   space 1536K, 0% used [0x00000000ec000000,0x00000000ec000000,0x00000000ec180000)
 ParOldGen       total 68608K, used 23122K [0x00000000c0000000, 0x00000000c4300000, 0x00000000eab00000)
  object space 68608K, 33% used [0x00000000c0000000,0x00000000c1694968,0x00000000c4300000)
 Metaspace       used 35203K, committed 35840K, reserved 1081344K
  class space    used 3556K, committed 3840K, reserved 1048576K
}
Event: 31.988 GC heap before
{Heap before GC invocations=16 (full 2):
 PSYoungGen      total 21504K, used 684K [0x00000000eab00000, 0x00000000ec300000, 0x0000000100000000)
  eden space 20480K, 0% used [0x00000000eab00000,0x00000000eab00000,0x00000000ebf00000)
  from space 1024K, 66% used [0x00000000ec200000,0x00000000ec2ab2b8,0x00000000ec300000)
  to   space 1536K, 0% used [0x00000000ec000000,0x00000000ec000000,0x00000000ec180000)
 ParOldGen       total 68608K, used 23122K [0x00000000c0000000, 0x00000000c4300000, 0x00000000eab00000)
  object space 68608K, 33% used [0x00000000c0000000,0x00000000c1694968,0x00000000c4300000)
 Metaspace       used 35203K, committed 35840K, reserved 1081344K
  class space    used 3556K, committed 3840K, reserved 1048576K
}
Event: 32.055 GC heap after
{Heap after GC invocations=16 (full 2):
 PSYoungGen      total 21504K, used 0K [0x00000000eab00000, 0x00000000ec300000, 0x0000000100000000)
  eden space 20480K, 0% used [0x00000000eab00000,0x00000000eab00000,0x00000000ebf00000)
  from space 1024K, 0% used [0x00000000ec200000,0x00000000ec200000,0x00000000ec300000)
  to   space 1536K, 0% used [0x00000000ec000000,0x00000000ec000000,0x00000000ec180000)
 ParOldGen       total 68608K, used 22931K [0x00000000c0000000, 0x00000000c4300000, 0x00000000eab00000)
  object space 68608K, 33% used [0x00000000c0000000,0x00000000c1664ef0,0x00000000c4300000)
 Metaspace       used 35203K, committed 35840K, reserved 1081344K
  class space    used 3556K, committed 3840K, reserved 1048576K
}
Event: 33.540 GC heap before
{Heap before GC invocations=17 (full 2):
 PSYoungGen      total 21504K, used 20314K [0x00000000eab00000, 0x00000000ec300000, 0x0000000100000000)
  eden space 20480K, 99% used [0x00000000eab00000,0x00000000ebed68d8,0x00000000ebf00000)
  from space 1024K, 0% used [0x00000000ec200000,0x00000000ec200000,0x00000000ec300000)
  to   space 1536K, 0% used [0x00000000ec000000,0x00000000ec000000,0x00000000ec180000)
 ParOldGen       total 68608K, used 22931K [0x00000000c0000000, 0x00000000c4300000, 0x00000000eab00000)
  object space 68608K, 33% used [0x00000000c0000000,0x00000000c1664ef0,0x00000000c4300000)
 Metaspace       used 37584K, committed 38208K, reserved 1089536K
  class space    used 3838K, committed 4096K, reserved 1048576K
}
Event: 33.544 GC heap after
{Heap after GC invocations=17 (full 2):
 PSYoungGen      total 22016K, used 1504K [0x00000000eab00000, 0x00000000ec400000, 0x0000000100000000)
  eden space 20480K, 0% used [0x00000000eab00000,0x00000000eab00000,0x00000000ebf00000)
  from space 1536K, 97% used [0x00000000ec000000,0x00000000ec178330,0x00000000ec180000)
  to   space 2560K, 0% used [0x00000000ec180000,0x00000000ec180000,0x00000000ec400000)
 ParOldGen       total 68608K, used 23291K [0x00000000c0000000, 0x00000000c4300000, 0x00000000eab00000)
  object space 68608K, 33% used [0x00000000c0000000,0x00000000c16beef0,0x00000000c4300000)
 Metaspace       used 37584K, committed 38208K, reserved 1089536K
  class space    used 3838K, committed 4096K, reserved 1048576K
}
Event: 34.255 GC heap before
{Heap before GC invocations=18 (full 2):
 PSYoungGen      total 22016K, used 21984K [0x00000000eab00000, 0x00000000ec400000, 0x0000000100000000)
  eden space 20480K, 100% used [0x00000000eab00000,0x00000000ebf00000,0x00000000ebf00000)
  from space 1536K, 97% used [0x00000000ec000000,0x00000000ec178330,0x00000000ec180000)
  to   space 2560K, 0% used [0x00000000ec180000,0x00000000ec180000,0x00000000ec400000)
 ParOldGen       total 68608K, used 23291K [0x00000000c0000000, 0x00000000c4300000, 0x00000000eab00000)
  object space 68608K, 33% used [0x00000000c0000000,0x00000000c16beef0,0x00000000c4300000)
 Metaspace       used 37621K, committed 38272K, reserved 1089536K
  class space    used 3838K, committed 4096K, reserved 1048576K
}
Event: 34.258 GC heap after
{Heap after GC invocations=18 (full 2):
 PSYoungGen      total 21504K, used 813K [0x00000000eab00000, 0x00000000ec280000, 0x0000000100000000)
  eden space 20480K, 0% used [0x00000000eab00000,0x00000000eab00000,0x00000000ebf00000)
  from space 1024K, 79% used [0x00000000ec180000,0x00000000ec24b6c0,0x00000000ec280000)
  to   space 1536K, 0% used [0x00000000ebf80000,0x00000000ebf80000,0x00000000ec100000)
 ParOldGen       total 68608K, used 25141K [0x00000000c0000000, 0x00000000c4300000, 0x00000000eab00000)
  object space 68608K, 36% used [0x00000000c0000000,0x00000000c188d418,0x00000000c4300000)
 Metaspace       used 37621K, committed 38272K, reserved 1089536K
  class space    used 3838K, committed 4096K, reserved 1048576K
}
Event: 35.180 GC heap before
{Heap before GC invocations=19 (full 2):
 PSYoungGen      total 21504K, used 21293K [0x00000000eab00000, 0x00000000ec280000, 0x0000000100000000)
  eden space 20480K, 100% used [0x00000000eab00000,0x00000000ebf00000,0x00000000ebf00000)
  from space 1024K, 79% used [0x00000000ec180000,0x00000000ec24b6c0,0x00000000ec280000)
  to   space 1536K, 0% used [0x00000000ebf80000,0x00000000ebf80000,0x00000000ec100000)
 ParOldGen       total 68608K, used 25141K [0x00000000c0000000, 0x00000000c4300000, 0x00000000eab00000)
  object space 68608K, 36% used [0x00000000c0000000,0x00000000c188d418,0x00000000c4300000)
 Metaspace       used 39180K, committed 39808K, reserved 1089536K
  class space    used 3987K, committed 4224K, reserved 1048576K
}
Event: 35.181 GC heap after
{Heap after GC invocations=19 (full 2):
 PSYoungGen      total 22016K, used 224K [0x00000000eab00000, 0x00000000ec200000, 0x0000000100000000)
  eden space 20480K, 0% used [0x00000000eab00000,0x00000000eab00000,0x00000000ebf00000)
  from space 1536K, 14% used [0x00000000ebf80000,0x00000000ebfb8000,0x00000000ec100000)
  to   space 512K, 0% used [0x00000000ec180000,0x00000000ec180000,0x00000000ec200000)
 ParOldGen       total 68608K, used 25157K [0x00000000c0000000, 0x00000000c4300000, 0x00000000eab00000)
  object space 68608K, 36% used [0x00000000c0000000,0x00000000c1891418,0x00000000c4300000)
 Metaspace       used 39180K, committed 39808K, reserved 1089536K
  class space    used 3987K, committed 4224K, reserved 1048576K
}
Event: 37.393 GC heap before
{Heap before GC invocations=20 (full 2):
 PSYoungGen      total 22016K, used 20704K [0x00000000eab00000, 0x00000000ec200000, 0x0000000100000000)
  eden space 20480K, 100% used [0x00000000eab00000,0x00000000ebf00000,0x00000000ebf00000)
  from space 1536K, 14% used [0x00000000ebf80000,0x00000000ebfb8000,0x00000000ec100000)
  to   space 512K, 0% used [0x00000000ec180000,0x00000000ec180000,0x00000000ec200000)
 ParOldGen       total 68608K, used 25157K [0x00000000c0000000, 0x00000000c4300000, 0x00000000eab00000)
  object space 68608K, 36% used [0x00000000c0000000,0x00000000c1891418,0x00000000c4300000)
 Metaspace       used 40896K, committed 41664K, reserved 1089536K
  class space    used 4147K, committed 4480K, reserved 1048576K
}
Event: 37.394 GC heap after
{Heap after GC invocations=20 (full 2):
 PSYoungGen      total 20992K, used 512K [0x00000000eab00000, 0x00000000ec200000, 0x0000000100000000)
  eden space 20480K, 0% used [0x00000000eab00000,0x00000000eab00000,0x00000000ebf00000)
  from space 512K, 100% used [0x00000000ec180000,0x00000000ec200000,0x00000000ec200000)
  to   space 1024K, 0% used [0x00000000ec000000,0x00000000ec000000,0x00000000ec100000)
 ParOldGen       total 68608K, used 25269K [0x00000000c0000000, 0x00000000c4300000, 0x00000000eab00000)
  object space 68608K, 36% used [0x00000000c0000000,0x00000000c18ad418,0x00000000c4300000)
 Metaspace       used 40896K, committed 41664K, reserved 1089536K
  class space    used 4147K, committed 4480K, reserved 1048576K
}

