# JRE version: OpenJDK Runtime Environment Temurin-17.0.5+8 (17.0.5+8) (build 17.0.5+8)
# Java VM: OpenJDK 64-Bit Server VM Temurin-17.0.5+8 (17.0.5+8, mixed mode, tiered, compressed oops, compressed class ptrs, parallel gc, windows-amd64)
GC Precious Log:
 CPUs: 8 total, 8 available
 Memory: 8107M
 Large Page Support: Disabled
 NUMA Support: Disabled
 Compressed Oops: Enabled (32-bit)
 Alignments: Space 512K, Generation 512K, Heap 2M
 Heap Min Capacity: 100M
 Heap Initial Capacity: 100M
 Heap Max Capacity: 1G
 Pre-touch: Disabled
 Parallel Workers: 8
Heap:
 PSYoungGen      total 13824K, used 4383K [0x00000000eab00000, 0x00000000ebc00000, 0x0000000100000000)
  eden space 12800K, 26% used [0x00000000eab00000,0x00000000eae4d5c0,0x00000000eb780000)
  from space 1024K, 97% used [0x00000000eb900000,0x00000000eb9fa6b8,0x00000000eba00000)
  to   space 1536K, 0% used [0x00000000eba80000,0x00000000eba80000,0x00000000ebc00000)
 ParOldGen       total 92160K, used 45046K [0x00000000c0000000, 0x00000000c5a00000, 0x00000000eab00000)
  object space 92160K, 48% used [0x00000000c0000000,0x00000000c2bfda30,0x00000000c5a00000)
 Metaspace       used 61193K, committed 62272K, reserved 1105920K
  class space    used 6355K, committed 6784K, reserved 1048576K
GC Heap History (20 events):
Event: 36.661 GC heap before
{Heap before GC invocations=43 (full 2):
 PSYoungGen      total 13824K, used 13814K [0x00000000eab00000, 0x00000000ebc80000, 0x0000000100000000)
  eden space 12800K, 100% used [0x00000000eab00000,0x00000000eb780000,0x00000000eb780000)
  from space 1024K, 99% used [0x00000000eba80000,0x00000000ebb7dab0,0x00000000ebb80000)
  to   space 2560K, 0% used [0x00000000eb780000,0x00000000eb780000,0x00000000eba00000)
 ParOldGen       total 92160K, used 88395K [0x00000000c0000000, 0x00000000c5a00000, 0x00000000eab00000)
  object space 92160K, 95% used [0x00000000c0000000,0x00000000c5652cf0,0x00000000c5a00000)
 Metaspace       used 56319K, committed 57344K, reserved 1105920K
  class space    used 5906K, committed 6336K, reserved 1048576K
}
Event: 36.662 GC heap after
{Heap after GC invocations=43 (full 2):
 PSYoungGen      total 13824K, used 924K [0x00000000eab00000, 0x00000000ebb00000, 0x0000000100000000)
  eden space 12800K, 0% used [0x00000000eab00000,0x00000000eab00000,0x00000000eb780000)
  from space 1024K, 90% used [0x00000000eb780000,0x00000000eb867260,0x00000000eb880000)
  to   space 1536K, 0% used [0x00000000eb980000,0x00000000eb980000,0x00000000ebb00000)
 ParOldGen       total 92160K, used 88675K [0x00000000c0000000, 0x00000000c5a00000, 0x00000000eab00000)
  object space 92160K, 96% used [0x00000000c0000000,0x00000000c5698db0,0x00000000c5a00000)
 Metaspace       used 56319K, committed 57344K, reserved 1105920K
  class space    used 5906K, committed 6336K, reserved 1048576K
}
Event: 37.651 GC heap before
{Heap before GC invocations=44 (full 2):
 PSYoungGen      total 13824K, used 13666K [0x00000000eab00000, 0x00000000ebb00000, 0x0000000100000000)
  eden space 12800K, 99% used [0x00000000eab00000,0x00000000eb771640,0x00000000eb780000)
  from space 1024K, 90% used [0x00000000eb780000,0x00000000eb867260,0x00000000eb880000)
  to   space 1536K, 0% used [0x00000000eb980000,0x00000000eb980000,0x00000000ebb00000)
 ParOldGen       total 92160K, used 88675K [0x00000000c0000000, 0x00000000c5a00000, 0x00000000eab00000)
  object space 92160K, 96% used [0x00000000c0000000,0x00000000c5698db0,0x00000000c5a00000)
 Metaspace       used 57145K, committed 58240K, reserved 1105920K
  class space    used 5985K, committed 6464K, reserved 1048576K
}
Event: 37.653 GC heap after
{Heap after GC invocations=44 (full 2):
 PSYoungGen      total 13312K, used 288K [0x00000000eab00000, 0x00000000eba00000, 0x0000000100000000)
  eden space 12800K, 0% used [0x00000000eab00000,0x00000000eab00000,0x00000000eb780000)
  from space 512K, 56% used [0x00000000eb980000,0x00000000eb9c8000,0x00000000eba00000)
  to   space 1024K, 0% used [0x00000000eb800000,0x00000000eb800000,0x00000000eb900000)
 ParOldGen       total 92160K, used 88691K [0x00000000c0000000, 0x00000000c5a00000, 0x00000000eab00000)
  object space 92160K, 96% used [0x00000000c0000000,0x00000000c569cdb0,0x00000000c5a00000)
 Metaspace       used 57145K, committed 58240K, reserved 1105920K
  class space    used 5985K, committed 6464K, reserved 1048576K
}
Event: 39.055 GC heap before
{Heap before GC invocations=45 (full 2):
 PSYoungGen      total 13312K, used 13062K [0x00000000eab00000, 0x00000000eba00000, 0x0000000100000000)
  eden space 12800K, 99% used [0x00000000eab00000,0x00000000eb779a50,0x00000000eb780000)
  from space 512K, 56% used [0x00000000eb980000,0x00000000eb9c8000,0x00000000eba00000)
  to   space 1024K, 0% used [0x00000000eb800000,0x00000000eb800000,0x00000000eb900000)
 ParOldGen       total 92160K, used 88691K [0x00000000c0000000, 0x00000000c5a00000, 0x00000000eab00000)
  object space 92160K, 96% used [0x00000000c0000000,0x00000000c569cdb0,0x00000000c5a00000)
 Metaspace       used 58404K, committed 59456K, reserved 1105920K
  class space    used 6094K, committed 6528K, reserved 1048576K
}
Event: 39.056 GC heap after
{Heap after GC invocations=45 (full 2):
 PSYoungGen      total 13824K, used 352K [0x00000000eab00000, 0x00000000eba00000, 0x0000000100000000)
  eden space 12800K, 0% used [0x00000000eab00000,0x00000000eab00000,0x00000000eb780000)
  from space 1024K, 34% used [0x00000000eb800000,0x00000000eb858000,0x00000000eb900000)
  to   space 512K, 0% used [0x00000000eb980000,0x00000000eb980000,0x00000000eba00000)
 ParOldGen       total 92160K, used 88816K [0x00000000c0000000, 0x00000000c5a00000, 0x00000000eab00000)
  object space 92160K, 96% used [0x00000000c0000000,0x00000000c56bc108,0x00000000c5a00000)
 Metaspace       used 58404K, committed 59456K, reserved 1105920K
  class space    used 6094K, committed 6528K, reserved 1048576K
}
Event: 39.299 GC heap before
{Heap before GC invocations=46 (full 2):
 PSYoungGen      total 13824K, used 2999K [0x00000000eab00000, 0x00000000eba00000, 0x0000000100000000)
  eden space 12800K, 20% used [0x00000000eab00000,0x00000000ead95dc8,0x00000000eb780000)
  from space 1024K, 34% used [0x00000000eb800000,0x00000000eb858000,0x00000000eb900000)
  to   space 512K, 0% used [0x00000000eb980000,0x00000000eb980000,0x00000000eba00000)
 ParOldGen       total 92160K, used 88816K [0x00000000c0000000, 0x00000000c5a00000, 0x00000000eab00000)
  object space 92160K, 96% used [0x00000000c0000000,0x00000000c56bc108,0x00000000c5a00000)
 Metaspace       used 58662K, committed 59776K, reserved 1105920K
  class space    used 6104K, committed 6592K, reserved 1048576K
}
Event: 39.300 GC heap after
{Heap after GC invocations=46 (full 2):
 PSYoungGen      total 13312K, used 388K [0x00000000eab00000, 0x00000000eba00000, 0x0000000100000000)
  eden space 12800K, 0% used [0x00000000eab00000,0x00000000eab00000,0x00000000eb780000)
  from space 512K, 75% used [0x00000000eb980000,0x00000000eb9e1098,0x00000000eba00000)
  to   space 512K, 0% used [0x00000000eb900000,0x00000000eb900000,0x00000000eb980000)
 ParOldGen       total 92160K, used 89040K [0x00000000c0000000, 0x00000000c5a00000, 0x00000000eab00000)
  object space 92160K, 96% used [0x00000000c0000000,0x00000000c56f4108,0x00000000c5a00000)
 Metaspace       used 58662K, committed 59776K, reserved 1105920K
  class space    used 6104K, committed 6592K, reserved 1048576K
}
Event: 39.300 GC heap before
{Heap before GC invocations=47 (full 3):
 PSYoungGen      total 13312K, used 388K [0x00000000eab00000, 0x00000000eba00000, 0x0000000100000000)
  eden space 12800K, 0% used [0x00000000eab00000,0x00000000eab00000,0x00000000eb780000)
  from space 512K, 75% used [0x00000000eb980000,0x00000000eb9e1098,0x00000000eba00000)
  to   space 512K, 0% used [0x00000000eb900000,0x00000000eb900000,0x00000000eb980000)
 ParOldGen       total 92160K, used 89040K [0x00000000c0000000, 0x00000000c5a00000, 0x00000000eab00000)
  object space 92160K, 96% used [0x00000000c0000000,0x00000000c56f4108,0x00000000c5a00000)
 Metaspace       used 58662K, committed 59776K, reserved 1105920K
  class space    used 6104K, committed 6592K, reserved 1048576K
}
Event: 39.408 GC heap after
{Heap after GC invocations=47 (full 3):
 PSYoungGen      total 13312K, used 0K [0x00000000eab00000, 0x00000000eba00000, 0x0000000100000000)
  eden space 12800K, 0% used [0x00000000eab00000,0x00000000eab00000,0x00000000eb780000)
  from space 512K, 0% used [0x00000000eb980000,0x00000000eb980000,0x00000000eba00000)
  to   space 512K, 0% used [0x00000000eb900000,0x00000000eb900000,0x00000000eb980000)
 ParOldGen       total 92160K, used 37345K [0x00000000c0000000, 0x00000000c5a00000, 0x00000000eab00000)
  object space 92160K, 40% used [0x00000000c0000000,0x00000000c24787f0,0x00000000c5a00000)
 Metaspace       used 58662K, committed 59776K, reserved 1105920K
  class space    used 6104K, committed 6592K, reserved 1048576K
}
Event: 40.008 GC heap before
{Heap before GC invocations=48 (full 3):
 PSYoungGen      total 13312K, used 12800K [0x00000000eab00000, 0x00000000eba00000, 0x0000000100000000)
  eden space 12800K, 100% used [0x00000000eab00000,0x00000000eb780000,0x00000000eb780000)
  from space 512K, 0% used [0x00000000eb980000,0x00000000eb980000,0x00000000eba00000)
  to   space 512K, 0% used [0x00000000eb900000,0x00000000eb900000,0x00000000eb980000)
 ParOldGen       total 92160K, used 37345K [0x00000000c0000000, 0x00000000c5a00000, 0x00000000eab00000)
  object space 92160K, 40% used [0x00000000c0000000,0x00000000c24787f0,0x00000000c5a00000)
 Metaspace       used 59050K, committed 60160K, reserved 1105920K
  class space    used 6131K, committed 6592K, reserved 1048576K
}
Event: 40.011 GC heap after
{Heap after GC invocations=48 (full 3):
 PSYoungGen      total 13312K, used 502K [0x00000000eab00000, 0x00000000ec180000, 0x0000000100000000)
  eden space 12800K, 0% used [0x00000000eab00000,0x00000000eab00000,0x00000000eb780000)
  from space 512K, 98% used [0x00000000eb900000,0x00000000eb97db70,0x00000000eb980000)
  to   space 5120K, 0% used [0x00000000ebc80000,0x00000000ebc80000,0x00000000ec180000)
 ParOldGen       total 92160K, used 40844K [0x00000000c0000000, 0x00000000c5a00000, 0x00000000eab00000)
  object space 92160K, 44% used [0x00000000c0000000,0x00000000c27e3258,0x00000000c5a00000)
 Metaspace       used 59050K, committed 60160K, reserved 1105920K
  class space    used 6131K, committed 6592K, reserved 1048576K
}
Event: 40.362 GC heap before
{Heap before GC invocations=49 (full 3):
 PSYoungGen      total 13312K, used 13302K [0x00000000eab00000, 0x00000000ec180000, 0x0000000100000000)
  eden space 12800K, 100% used [0x00000000eab00000,0x00000000eb780000,0x00000000eb780000)
  from space 512K, 98% used [0x00000000eb900000,0x00000000eb97db70,0x00000000eb980000)
  to   space 5120K, 0% used [0x00000000ebc80000,0x00000000ebc80000,0x00000000ec180000)
 ParOldGen       total 92160K, used 40844K [0x00000000c0000000, 0x00000000c5a00000, 0x00000000eab00000)
  object space 92160K, 44% used [0x00000000c0000000,0x00000000c27e3258,0x00000000c5a00000)
 Metaspace       used 59393K, committed 60480K, reserved 1105920K
  class space    used 6165K, committed 6592K, reserved 1048576K
}
Event: 40.365 GC heap after
{Heap after GC invocations=49 (full 3):
 PSYoungGen      total 16384K, used 3171K [0x00000000eab00000, 0x00000000ec000000, 0x0000000100000000)
  eden space 12800K, 0% used [0x00000000eab00000,0x00000000eab00000,0x00000000eb780000)
  from space 3584K, 88% used [0x00000000ebc80000,0x00000000ebf98f98,0x00000000ec000000)
  to   space 3584K, 0% used [0x00000000eb900000,0x00000000eb900000,0x00000000ebc80000)
 ParOldGen       total 92160K, used 41352K [0x00000000c0000000, 0x00000000c5a00000, 0x00000000eab00000)
  object space 92160K, 44% used [0x00000000c0000000,0x00000000c2862088,0x00000000c5a00000)
 Metaspace       used 59393K, committed 60480K, reserved 1105920K
  class space    used 6165K, committed 6592K, reserved 1048576K
}
Event: 40.868 GC heap before
{Heap before GC invocations=50 (full 3):
 PSYoungGen      total 16384K, used 15971K [0x00000000eab00000, 0x00000000ec000000, 0x0000000100000000)
  eden space 12800K, 100% used [0x00000000eab00000,0x00000000eb780000,0x00000000eb780000)
  from space 3584K, 88% used [0x00000000ebc80000,0x00000000ebf98f98,0x00000000ec000000)
  to   space 3584K, 0% used [0x00000000eb900000,0x00000000eb900000,0x00000000ebc80000)
 ParOldGen       total 92160K, used 41352K [0x00000000c0000000, 0x00000000c5a00000, 0x00000000eab00000)
  object space 92160K, 44% used [0x00000000c0000000,0x00000000c2862088,0x00000000c5a00000)
 Metaspace       used 59673K, committed 60736K, reserved 1105920K
  class space    used 6203K, committed 6656K, reserved 1048576K
}
Event: 40.870 GC heap after
{Heap after GC invocations=50 (full 3):
 PSYoungGen      total 13312K, used 384K [0x00000000eab00000, 0x00000000ebd00000, 0x0000000100000000)
  eden space 12800K, 0% used [0x00000000eab00000,0x00000000eab00000,0x00000000eb780000)
  from space 512K, 75% used [0x00000000eb900000,0x00000000eb960000,0x00000000eb980000)
  to   space 1536K, 0% used [0x00000000ebb80000,0x00000000ebb80000,0x00000000ebd00000)
 ParOldGen       total 92160K, used 44311K [0x00000000c0000000, 0x00000000c5a00000, 0x00000000eab00000)
  object space 92160K, 48% used [0x00000000c0000000,0x00000000c2b45e10,0x00000000c5a00000)
 Metaspace       used 59673K, committed 60736K, reserved 1105920K
  class space    used 6203K, committed 6656K, reserved 1048576K
}
Event: 42.505 GC heap before
{Heap before GC invocations=51 (full 3):
 PSYoungGen      total 13312K, used 12915K [0x00000000eab00000, 0x00000000ebd00000, 0x0000000100000000)
  eden space 12800K, 97% used [0x00000000eab00000,0x00000000eb73cc88,0x00000000eb780000)
  from space 512K, 75% used [0x00000000eb900000,0x00000000eb960000,0x00000000eb980000)
  to   space 1536K, 0% used [0x00000000ebb80000,0x00000000ebb80000,0x00000000ebd00000)
 ParOldGen       total 92160K, used 44311K [0x00000000c0000000, 0x00000000c5a00000, 0x00000000eab00000)
  object space 92160K, 48% used [0x00000000c0000000,0x00000000c2b45e10,0x00000000c5a00000)
 Metaspace       used 60230K, committed 61312K, reserved 1105920K
  class space    used 6263K, committed 6720K, reserved 1048576K
}
Event: 42.506 GC heap after
{Heap after GC invocations=51 (full 3):
 PSYoungGen      total 14336K, used 1408K [0x00000000eab00000, 0x00000000ebd00000, 0x0000000100000000)
  eden space 12800K, 0% used [0x00000000eab00000,0x00000000eab00000,0x00000000eb780000)
  from space 1536K, 91% used [0x00000000ebb80000,0x00000000ebce0000,0x00000000ebd00000)
  to   space 2048K, 0% used [0x00000000eb900000,0x00000000eb900000,0x00000000ebb00000)
 ParOldGen       total 92160K, used 44551K [0x00000000c0000000, 0x00000000c5a00000, 0x00000000eab00000)
  object space 92160K, 48% used [0x00000000c0000000,0x00000000c2b81e30,0x00000000c5a00000)
 Metaspace       used 60230K, committed 61312K, reserved 1105920K
  class space    used 6263K, committed 6720K, reserved 1048576K
}
Event: 44.522 GC heap before
{Heap before GC invocations=52 (full 3):
 PSYoungGen      total 14336K, used 14207K [0x00000000eab00000, 0x00000000ebd00000, 0x0000000100000000)
  eden space 12800K, 99% used [0x00000000eab00000,0x00000000eb77fff8,0x00000000eb780000)
  from space 1536K, 91% used [0x00000000ebb80000,0x00000000ebce0000,0x00000000ebd00000)
  to   space 2048K, 0% used [0x00000000eb900000,0x00000000eb900000,0x00000000ebb00000)
 ParOldGen       total 92160K, used 44551K [0x00000000c0000000, 0x00000000c5a00000, 0x00000000eab00000)
  object space 92160K, 48% used [0x00000000c0000000,0x00000000c2b81e30,0x00000000c5a00000)
 Metaspace       used 61009K, committed 62144K, reserved 1105920K
  class space    used 6330K, committed 6784K, reserved 1048576K
}
Event: 44.524 GC heap after
{Heap after GC invocations=52 (full 3):
 PSYoungGen      total 13824K, used 1001K [0x00000000eab00000, 0x00000000ebc00000, 0x0000000100000000)
  eden space 12800K, 0% used [0x00000000eab00000,0x00000000eab00000,0x00000000eb780000)
  from space 1024K, 97% used [0x00000000eb900000,0x00000000eb9fa6b8,0x00000000eba00000)
  to   space 1536K, 0% used [0x00000000eba80000,0x00000000eba80000,0x00000000ebc00000)
 ParOldGen       total 92160K, used 45046K [0x00000000c0000000, 0x00000000c5a00000, 0x00000000eab00000)
  object space 92160K, 48% used [0x00000000c0000000,0x00000000c2bfda30,0x00000000c5a00000)
 Metaspace       used 61009K, committed 62144K, reserved 1105920K
  class space    used 6330K, committed 6784K, reserved 1048576K
}

