# JRE version: OpenJDK Runtime Environment Temurin-17.0.5+8 (17.0.5+8) (build 17.0.5+8)
# Java VM: OpenJDK 64-Bit Server VM Temurin-17.0.5+8 (17.0.5+8, mixed mode, emulated-client, tiered, compressed oops, compressed class ptrs, g1 gc, windows-amd64)
GC Precious Log:
 CPUs: 8 total, 8 available
 Memory: 8107M
 Large Page Support: Disabled
 NUMA Support: Disabled
 Compressed Oops: Enabled (32-bit)
 Heap Region Size: 1M
 Heap Min Capacity: 8M
 Heap Initial Capacity: 128M
 Heap Max Capacity: 2028M
 Pre-touch: Disabled
 Parallel Workers: 8
 Concurrent Workers: 2
 Concurrent Refinement Workers: 8
 Periodic GC: Disabled
Heap:
 garbage-first heap   total 174080K, used 82773K [0x0000000081400000, 0x0000000100000000)
  region size 1024K, 4 young (4096K), 4 survivors (4096K)
 Metaspace       used 40191K, committed 40576K, reserved 1089536K
  class space    used 5122K, committed 5312K, reserved 1048576K
GC Heap History (20 events):
Event: 18.000 GC heap after
{Heap after GC invocations=15 (full 0):
 garbage-first heap   total 61440K, used 33513K [0x0000000081400000, 0x0000000100000000)
  region size 1024K, 3 young (3072K), 3 survivors (3072K)
 Metaspace       used 37690K, committed 38016K, reserved 1089536K
  class space    used 4789K, committed 4928K, reserved 1048576K
}
Event: 18.165 GC heap before
{Heap before GC invocations=16 (full 0):
 garbage-first heap   total 65536K, used 46825K [0x0000000081400000, 0x0000000100000000)
  region size 1024K, 16 young (16384K), 3 survivors (3072K)
 Metaspace       used 38101K, committed 38336K, reserved 1089536K
  class space    used 4817K, committed 4928K, reserved 1048576K
}
Event: 18.169 GC heap after
{Heap after GC invocations=17 (full 0):
 garbage-first heap   total 65536K, used 36132K [0x0000000081400000, 0x0000000100000000)
  region size 1024K, 2 young (2048K), 2 survivors (2048K)
 Metaspace       used 38101K, committed 38336K, reserved 1089536K
  class space    used 4817K, committed 4928K, reserved 1048576K
}
Event: 18.257 GC heap before
{Heap before GC invocations=17 (full 0):
 garbage-first heap   total 65536K, used 49444K [0x0000000081400000, 0x0000000100000000)
  region size 1024K, 16 young (16384K), 2 survivors (2048K)
 Metaspace       used 38105K, committed 38336K, reserved 1089536K
  class space    used 4817K, committed 4928K, reserved 1048576K
}
Event: 18.268 GC heap after
{Heap after GC invocations=18 (full 0):
 garbage-first heap   total 65536K, used 43542K [0x0000000081400000, 0x0000000100000000)
  region size 1024K, 2 young (2048K), 2 survivors (2048K)
 Metaspace       used 38105K, committed 38336K, reserved 1089536K
  class space    used 4817K, committed 4928K, reserved 1048576K
}
Event: 18.406 GC heap before
{Heap before GC invocations=19 (full 0):
 garbage-first heap   total 80896K, used 50710K [0x0000000081400000, 0x0000000100000000)
  region size 1024K, 9 young (9216K), 2 survivors (2048K)
 Metaspace       used 38282K, committed 38656K, reserved 1089536K
  class space    used 4834K, committed 4992K, reserved 1048576K
}
Event: 18.413 GC heap after
{Heap after GC invocations=20 (full 0):
 garbage-first heap   total 80896K, used 45723K [0x0000000081400000, 0x0000000100000000)
  region size 1024K, 2 young (2048K), 2 survivors (2048K)
 Metaspace       used 38282K, committed 38656K, reserved 1089536K
  class space    used 4834K, committed 4992K, reserved 1048576K
}
Event: 18.530 GC heap before
{Heap before GC invocations=20 (full 0):
 garbage-first heap   total 80896K, used 58011K [0x0000000081400000, 0x0000000100000000)
  region size 1024K, 15 young (15360K), 2 survivors (2048K)
 Metaspace       used 38528K, committed 38912K, reserved 1089536K
  class space    used 4860K, committed 5056K, reserved 1048576K
}
Event: 18.535 GC heap after
{Heap after GC invocations=21 (full 0):
 garbage-first heap   total 80896K, used 47957K [0x0000000081400000, 0x0000000100000000)
  region size 1024K, 2 young (2048K), 2 survivors (2048K)
 Metaspace       used 38528K, committed 38912K, reserved 1089536K
  class space    used 4860K, committed 5056K, reserved 1048576K
}
Event: 18.703 GC heap before
{Heap before GC invocations=22 (full 0):
 garbage-first heap   total 87040K, used 61269K [0x0000000081400000, 0x0000000100000000)
  region size 1024K, 15 young (15360K), 2 survivors (2048K)
 Metaspace       used 38743K, committed 39104K, reserved 1089536K
  class space    used 4886K, committed 5056K, reserved 1048576K
}
Event: 18.713 GC heap after
{Heap after GC invocations=23 (full 0):
 garbage-first heap   total 87040K, used 50460K [0x0000000081400000, 0x0000000100000000)
  region size 1024K, 2 young (2048K), 2 survivors (2048K)
 Metaspace       used 38743K, committed 39104K, reserved 1089536K
  class space    used 4886K, committed 5056K, reserved 1048576K
}
Event: 18.720 GC heap before
{Heap before GC invocations=23 (full 0):
 garbage-first heap   total 87040K, used 52508K [0x0000000081400000, 0x0000000100000000)
  region size 1024K, 4 young (4096K), 2 survivors (2048K)
 Metaspace       used 38748K, committed 39104K, reserved 1089536K
  class space    used 4887K, committed 5056K, reserved 1048576K
}
Event: 18.724 GC heap after
{Heap after GC invocations=24 (full 0):
 garbage-first heap   total 174080K, used 50698K [0x0000000081400000, 0x0000000100000000)
  region size 1024K, 1 young (1024K), 1 survivors (1024K)
 Metaspace       used 38748K, committed 39104K, reserved 1089536K
  class space    used 4887K, committed 5056K, reserved 1048576K
}
Event: 20.617 GC heap before
{Heap before GC invocations=24 (full 0):
 garbage-first heap   total 174080K, used 118282K [0x0000000081400000, 0x0000000100000000)
  region size 1024K, 66 young (67584K), 1 survivors (1024K)
 Metaspace       used 40112K, committed 40512K, reserved 1089536K
  class space    used 5108K, committed 5312K, reserved 1048576K
}
Event: 20.656 GC heap after
{Heap after GC invocations=25 (full 0):
 garbage-first heap   total 174080K, used 76488K [0x0000000081400000, 0x0000000100000000)
  region size 1024K, 9 young (9216K), 9 survivors (9216K)
 Metaspace       used 40112K, committed 40512K, reserved 1089536K
  class space    used 5108K, committed 5312K, reserved 1048576K
}
Event: 20.765 GC heap before
{Heap before GC invocations=25 (full 0):
 garbage-first heap   total 174080K, used 114376K [0x0000000081400000, 0x0000000100000000)
  region size 1024K, 47 young (48128K), 9 survivors (9216K)
 Metaspace       used 40157K, committed 40512K, reserved 1089536K
  class space    used 5117K, committed 5312K, reserved 1048576K
}
Event: 20.773 GC heap after
{Heap after GC invocations=26 (full 0):
 garbage-first heap   total 174080K, used 79196K [0x0000000081400000, 0x0000000100000000)
  region size 1024K, 3 young (3072K), 3 survivors (3072K)
 Metaspace       used 40157K, committed 40512K, reserved 1089536K
  class space    used 5117K, committed 5312K, reserved 1048576K
}
Event: 20.874 GC heap before
{Heap before GC invocations=26 (full 0):
 garbage-first heap   total 174080K, used 120156K [0x0000000081400000, 0x0000000100000000)
  region size 1024K, 44 young (45056K), 3 survivors (3072K)
 Metaspace       used 40164K, committed 40512K, reserved 1089536K
  class space    used 5121K, committed 5312K, reserved 1048576K
}
Event: 20.877 GC heap after
{Heap after GC invocations=27 (full 0):
 garbage-first heap   total 174080K, used 80550K [0x0000000081400000, 0x0000000100000000)
  region size 1024K, 4 young (4096K), 4 survivors (4096K)
 Metaspace       used 40164K, committed 40512K, reserved 1089536K
  class space    used 5121K, committed 5312K, reserved 1048576K
}
Event: 20.904 GC heap before
{Heap before GC invocations=27 (full 0):
 garbage-first heap   total 174080K, used 124582K [0x0000000081400000, 0x0000000100000000)
  region size 1024K, 48 young (49152K), 4 survivors (4096K)
 Metaspace       used 40191K, committed 40576K, reserved 1089536K
  class space    used 5122K, committed 5312K, reserved 1048576K
}

