# JRE version: OpenJDK Runtime Environment Temurin-17.0.5+8 (17.0.5+8) (build 17.0.5+8)
# Java VM: OpenJDK 64-Bit Server VM Temurin-17.0.5+8 (17.0.5+8, mixed mode, emulated-client, tiered, compressed oops, compressed class ptrs, g1 gc, windows-amd64)
GC Precious Log:
 CPUs: 8 total, 8 available
 Memory: 8107M
 Large Page Support: Disabled
 NUMA Support: Disabled
 Compressed Oops: Enabled (32-bit)
 Heap Region Size: 1M
 Heap Min Capacity: 8M
 Heap Initial Capacity: 128M
 Heap Max Capacity: 2028M
 Pre-touch: Disabled
 Parallel Workers: 8
 Concurrent Workers: 2
 Concurrent Refinement Workers: 8
 Periodic GC: Disabled
Heap:
 garbage-first heap   total 278528K, used 91724K [0x0000000081400000, 0x0000000100000000)
  region size 1024K, 11 young (11264K), 11 survivors (11264K)
 Metaspace       used 39180K, committed 39488K, reserved 1089536K
  class space    used 4946K, committed 5120K, reserved 1048576K
GC Heap History (20 events):
Event: 28.703 GC heap after
{Heap after GC invocations=16 (full 0):
 garbage-first heap   total 83968K, used 40262K [0x0000000081400000, 0x0000000100000000)
  region size 1024K, 1 young (1024K), 1 survivors (1024K)
 Metaspace       used 36740K, committed 37056K, reserved 1081344K
  class space    used 4724K, committed 4864K, reserved 1048576K
}
Event: 28.801 GC heap before
{Heap before GC invocations=16 (full 0):
 garbage-first heap   total 83968K, used 60742K [0x0000000081400000, 0x0000000100000000)
  region size 1024K, 22 young (22528K), 1 survivors (1024K)
 Metaspace       used 36964K, committed 37248K, reserved 1081344K
  class space    used 4750K, committed 4864K, reserved 1048576K
}
Event: 28.809 GC heap after
{Heap after GC invocations=17 (full 0):
 garbage-first heap   total 83968K, used 45248K [0x0000000081400000, 0x0000000100000000)
  region size 1024K, 3 young (3072K), 3 survivors (3072K)
 Metaspace       used 36964K, committed 37248K, reserved 1081344K
  class space    used 4750K, committed 4864K, reserved 1048576K
}
Event: 29.086 GC heap before
{Heap before GC invocations=18 (full 0):
 garbage-first heap   total 83968K, used 61632K [0x0000000081400000, 0x0000000100000000)
  region size 1024K, 20 young (20480K), 3 survivors (3072K)
 Metaspace       used 37693K, committed 38016K, reserved 1089536K
  class space    used 4790K, committed 4928K, reserved 1048576K
}
Event: 29.093 GC heap after
{Heap after GC invocations=19 (full 0):
 garbage-first heap   total 83968K, used 48730K [0x0000000081400000, 0x0000000100000000)
  region size 1024K, 3 young (3072K), 3 survivors (3072K)
 Metaspace       used 37693K, committed 38016K, reserved 1089536K
  class space    used 4790K, committed 4928K, reserved 1048576K
}
Event: 29.098 GC heap before
{Heap before GC invocations=19 (full 0):
 garbage-first heap   total 83968K, used 49754K [0x0000000081400000, 0x0000000100000000)
  region size 1024K, 4 young (4096K), 3 survivors (3072K)
 Metaspace       used 37693K, committed 38016K, reserved 1089536K
  class space    used 4790K, committed 4928K, reserved 1048576K
}
Event: 29.101 GC heap after
{Heap after GC invocations=20 (full 0):
 garbage-first heap   total 83968K, used 49498K [0x0000000081400000, 0x0000000100000000)
  region size 1024K, 1 young (1024K), 1 survivors (1024K)
 Metaspace       used 37693K, committed 38016K, reserved 1089536K
  class space    used 4790K, committed 4928K, reserved 1048576K
}
Event: 29.715 GC heap before
{Heap before GC invocations=20 (full 0):
 garbage-first heap   total 83968K, used 63834K [0x0000000081400000, 0x0000000100000000)
  region size 1024K, 16 young (16384K), 1 survivors (1024K)
 Metaspace       used 38499K, committed 38848K, reserved 1089536K
  class space    used 4856K, committed 5056K, reserved 1048576K
}
Event: 29.718 GC heap after
{Heap after GC invocations=21 (full 0):
 garbage-first heap   total 83968K, used 51757K [0x0000000081400000, 0x0000000100000000)
  region size 1024K, 2 young (2048K), 2 survivors (2048K)
 Metaspace       used 38499K, committed 38848K, reserved 1089536K
  class space    used 4856K, committed 5056K, reserved 1048576K
}
Event: 29.962 GC heap before
{Heap before GC invocations=22 (full 0):
 garbage-first heap   total 97280K, used 67117K [0x0000000081400000, 0x0000000100000000)
  region size 1024K, 16 young (16384K), 2 survivors (2048K)
 Metaspace       used 38746K, committed 39104K, reserved 1089536K
  class space    used 4888K, committed 5056K, reserved 1048576K
}
Event: 29.968 GC heap after
{Heap after GC invocations=23 (full 0):
 garbage-first heap   total 97280K, used 57764K [0x0000000081400000, 0x0000000100000000)
  region size 1024K, 2 young (2048K), 2 survivors (2048K)
 Metaspace       used 38746K, committed 39104K, reserved 1089536K
  class space    used 4888K, committed 5056K, reserved 1048576K
}
Event: 30.003 GC heap before
{Heap before GC invocations=23 (full 0):
 garbage-first heap   total 97280K, used 59812K [0x0000000081400000, 0x0000000100000000)
  region size 1024K, 4 young (4096K), 2 survivors (2048K)
 Metaspace       used 38762K, committed 39104K, reserved 1089536K
  class space    used 4892K, committed 5056K, reserved 1048576K
}
Event: 30.010 GC heap after
{Heap after GC invocations=24 (full 0):
 garbage-first heap   total 278528K, used 59117K [0x0000000081400000, 0x0000000100000000)
  region size 1024K, 1 young (1024K), 1 survivors (1024K)
 Metaspace       used 38762K, committed 39104K, reserved 1089536K
  class space    used 4892K, committed 5056K, reserved 1048576K
}
Event: 30.496 GC heap before
{Heap before GC invocations=24 (full 0):
 garbage-first heap   total 278528K, used 184045K [0x0000000081400000, 0x0000000100000000)
  region size 1024K, 123 young (125952K), 1 survivors (1024K)
 Metaspace       used 39099K, committed 39424K, reserved 1089536K
  class space    used 4940K, committed 5120K, reserved 1048576K
}
Event: 30.529 GC heap after
{Heap after GC invocations=25 (full 0):
 garbage-first heap   total 278528K, used 76201K [0x0000000081400000, 0x0000000100000000)
  region size 1024K, 16 young (16384K), 16 survivors (16384K)
 Metaspace       used 39099K, committed 39424K, reserved 1089536K
  class space    used 4940K, committed 5120K, reserved 1048576K
}
Event: 30.611 GC heap before
{Heap before GC invocations=25 (full 0):
 garbage-first heap   total 278528K, used 189865K [0x0000000081400000, 0x0000000100000000)
  region size 1024K, 128 young (131072K), 16 survivors (16384K)
 Metaspace       used 39180K, committed 39488K, reserved 1089536K
  class space    used 4946K, committed 5120K, reserved 1048576K
}
Event: 30.630 GC heap after
{Heap after GC invocations=26 (full 0):
 garbage-first heap   total 278528K, used 82121K [0x0000000081400000, 0x0000000100000000)
  region size 1024K, 6 young (6144K), 6 survivors (6144K)
 Metaspace       used 39180K, committed 39488K, reserved 1089536K
  class space    used 4946K, committed 5120K, reserved 1048576K
}
Event: 30.699 GC heap before
{Heap before GC invocations=26 (full 0):
 garbage-first heap   total 278528K, used 196809K [0x0000000081400000, 0x0000000100000000)
  region size 1024K, 119 young (121856K), 6 survivors (6144K)
 Metaspace       used 39180K, committed 39488K, reserved 1089536K
  class space    used 4946K, committed 5120K, reserved 1048576K
}
Event: 30.706 GC heap after
{Heap after GC invocations=27 (full 0):
 garbage-first heap   total 278528K, used 85850K [0x0000000081400000, 0x0000000100000000)
  region size 1024K, 10 young (10240K), 10 survivors (10240K)
 Metaspace       used 39180K, committed 39488K, reserved 1089536K
  class space    used 4946K, committed 5120K, reserved 1048576K
}
Event: 30.771 GC heap before
{Heap before GC invocations=27 (full 0):
 garbage-first heap   total 278528K, used 208730K [0x0000000081400000, 0x0000000100000000)
  region size 1024K, 132 young (135168K), 10 survivors (10240K)
 Metaspace       used 39180K, committed 39488K, reserved 1089536K
  class space    used 4946K, committed 5120K, reserved 1048576K
}

