# JRE version: OpenJDK Runtime Environment Temurin-17.0.5+8 (17.0.5+8) (build 17.0.5+8)
# Java VM: OpenJDK 64-Bit Server VM Temurin-17.0.5+8 (17.0.5+8, mixed mode, emulated-client, tiered, compressed oops, compressed class ptrs, g1 gc, windows-amd64)
GC Precious Log:
 CPUs: 8 total, 8 available
 Memory: 8107M
 Large Page Support: Disabled
 NUMA Support: Disabled
 Compressed Oops: Enabled (32-bit)
 Heap Region Size: 1M
 Heap Min Capacity: 8M
 Heap Initial Capacity: 128M
 Heap Max Capacity: 2028M
 Pre-touch: Disabled
 Parallel Workers: 8
 Concurrent Workers: 2
 Concurrent Refinement Workers: 8
 Periodic GC: Disabled
Heap:
 garbage-first heap   total 76800K, used 44766K [0x0000000081400000, 0x0000000100000000)
  region size 1024K, 3 young (3072K), 3 survivors (3072K)
 Metaspace       used 38736K, committed 39104K, reserved 1089536K
  class space    used 4886K, committed 5056K, reserved 1048576K
GC Heap History (20 events):
Event: 9.648 GC heap after
{Heap after GC invocations=8 (full 0):
 garbage-first heap   total 55296K, used 17856K [0x0000000081400000, 0x0000000100000000)
  region size 1024K, 2 young (2048K), 2 survivors (2048K)
 Metaspace       used 32844K, committed 33088K, reserved 1081344K
  class space    used 4178K, committed 4288K, reserved 1048576K
}
Event: 10.767 GC heap before
{Heap before GC invocations=8 (full 0):
 garbage-first heap   total 55296K, used 36288K [0x0000000081400000, 0x0000000100000000)
  region size 1024K, 21 young (21504K), 2 survivors (2048K)
 Metaspace       used 36124K, committed 36416K, reserved 1081344K
  class space    used 4650K, committed 4800K, reserved 1048576K
}
Event: 10.772 GC heap after
{Heap after GC invocations=9 (full 0):
 garbage-first heap   total 55296K, used 19679K [0x0000000081400000, 0x0000000100000000)
  region size 1024K, 3 young (3072K), 3 survivors (3072K)
 Metaspace       used 36124K, committed 36416K, reserved 1081344K
  class space    used 4650K, committed 4800K, reserved 1048576K
}
Event: 11.129 GC heap before
{Heap before GC invocations=9 (full 0):
 garbage-first heap   total 55296K, used 38111K [0x0000000081400000, 0x0000000100000000)
  region size 1024K, 22 young (22528K), 3 survivors (3072K)
 Metaspace       used 37278K, committed 37632K, reserved 1081344K
  class space    used 4760K, committed 4928K, reserved 1048576K
}
Event: 11.135 GC heap after
{Heap after GC invocations=10 (full 0):
 garbage-first heap   total 55296K, used 23348K [0x0000000081400000, 0x0000000100000000)
  region size 1024K, 3 young (3072K), 3 survivors (3072K)
 Metaspace       used 37278K, committed 37632K, reserved 1081344K
  class space    used 4760K, committed 4928K, reserved 1048576K
}
Event: 11.210 GC heap before
{Heap before GC invocations=10 (full 0):
 garbage-first heap   total 55296K, used 37684K [0x0000000081400000, 0x0000000100000000)
  region size 1024K, 18 young (18432K), 3 survivors (3072K)
 Metaspace       used 37631K, committed 37952K, reserved 1089536K
  class space    used 4771K, committed 4928K, reserved 1048576K
}
Event: 11.214 GC heap after
{Heap after GC invocations=11 (full 0):
 garbage-first heap   total 55296K, used 26505K [0x0000000081400000, 0x0000000100000000)
  region size 1024K, 3 young (3072K), 3 survivors (3072K)
 Metaspace       used 37631K, committed 37952K, reserved 1089536K
  class space    used 4771K, committed 4928K, reserved 1048576K
}
Event: 11.271 GC heap before
{Heap before GC invocations=11 (full 0):
 garbage-first heap   total 55296K, used 38793K [0x0000000081400000, 0x0000000100000000)
  region size 1024K, 16 young (16384K), 3 survivors (3072K)
 Metaspace       used 37754K, committed 38080K, reserved 1089536K
  class space    used 4772K, committed 4928K, reserved 1048576K
}
Event: 11.275 GC heap after
{Heap after GC invocations=12 (full 0):
 garbage-first heap   total 68608K, used 29294K [0x0000000081400000, 0x0000000100000000)
  region size 1024K, 2 young (2048K), 2 survivors (2048K)
 Metaspace       used 37754K, committed 38080K, reserved 1089536K
  class space    used 4772K, committed 4928K, reserved 1048576K
}
Event: 11.440 GC heap before
{Heap before GC invocations=13 (full 0):
 garbage-first heap   total 68608K, used 46702K [0x0000000081400000, 0x0000000100000000)
  region size 1024K, 20 young (20480K), 2 survivors (2048K)
 Metaspace       used 38119K, committed 38464K, reserved 1089536K
  class space    used 4817K, committed 4992K, reserved 1048576K
}
Event: 11.446 GC heap after
{Heap after GC invocations=14 (full 0):
 garbage-first heap   total 68608K, used 34588K [0x0000000081400000, 0x0000000100000000)
  region size 1024K, 3 young (3072K), 3 survivors (3072K)
 Metaspace       used 38119K, committed 38464K, reserved 1089536K
  class space    used 4817K, committed 4992K, reserved 1048576K
}
Event: 11.452 GC heap before
{Heap before GC invocations=14 (full 0):
 garbage-first heap   total 68608K, used 35612K [0x0000000081400000, 0x0000000100000000)
  region size 1024K, 4 young (4096K), 3 survivors (3072K)
 Metaspace       used 38119K, committed 38464K, reserved 1089536K
  class space    used 4817K, committed 4992K, reserved 1048576K
}
Event: 11.455 GC heap after
{Heap after GC invocations=15 (full 0):
 garbage-first heap   total 68608K, used 35371K [0x0000000081400000, 0x0000000100000000)
  region size 1024K, 1 young (1024K), 1 survivors (1024K)
 Metaspace       used 38119K, committed 38464K, reserved 1089536K
  class space    used 4817K, committed 4992K, reserved 1048576K
}
Event: 11.534 GC heap before
{Heap before GC invocations=15 (full 0):
 garbage-first heap   total 68608K, used 48683K [0x0000000081400000, 0x0000000100000000)
  region size 1024K, 15 young (15360K), 1 survivors (1024K)
 Metaspace       used 38233K, committed 38592K, reserved 1089536K
  class space    used 4830K, committed 4992K, reserved 1048576K
}
Event: 11.538 GC heap after
{Heap after GC invocations=16 (full 0):
 garbage-first heap   total 68608K, used 37657K [0x0000000081400000, 0x0000000100000000)
  region size 1024K, 2 young (2048K), 2 survivors (2048K)
 Metaspace       used 38233K, committed 38592K, reserved 1089536K
  class space    used 4830K, committed 4992K, reserved 1048576K
}
Event: 11.678 GC heap before
{Heap before GC invocations=17 (full 0):
 garbage-first heap   total 76800K, used 50969K [0x0000000081400000, 0x0000000100000000)
  region size 1024K, 15 young (15360K), 2 survivors (2048K)
 Metaspace       used 38686K, committed 39040K, reserved 1089536K
  class space    used 4876K, committed 5056K, reserved 1048576K
}
Event: 11.683 GC heap after
{Heap after GC invocations=18 (full 0):
 garbage-first heap   total 76800K, used 40017K [0x0000000081400000, 0x0000000100000000)
  region size 1024K, 2 young (2048K), 2 survivors (2048K)
 Metaspace       used 38686K, committed 39040K, reserved 1089536K
  class space    used 4876K, committed 5056K, reserved 1048576K
}
Event: 11.713 GC heap before
{Heap before GC invocations=18 (full 0):
 garbage-first heap   total 76800K, used 41041K [0x0000000081400000, 0x0000000100000000)
  region size 1024K, 3 young (3072K), 2 survivors (2048K)
 Metaspace       used 38688K, committed 39040K, reserved 1089536K
  class space    used 4877K, committed 5056K, reserved 1048576K
}
Event: 11.716 GC heap after
{Heap after GC invocations=19 (full 0):
 garbage-first heap   total 76800K, used 39907K [0x0000000081400000, 0x0000000100000000)
  region size 1024K, 1 young (1024K), 1 survivors (1024K)
 Metaspace       used 38688K, committed 39040K, reserved 1089536K
  class space    used 4877K, committed 5056K, reserved 1048576K
}
Event: 11.792 GC heap before
{Heap before GC invocations=19 (full 0):
 garbage-first heap   total 76800K, used 57315K [0x0000000081400000, 0x0000000100000000)
  region size 1024K, 18 young (18432K), 1 survivors (1024K)
 Metaspace       used 38736K, committed 39104K, reserved 1089536K
  class space    used 4886K, committed 5056K, reserved 1048576K
}

