# JRE version: OpenJDK Runtime Environment Temurin-17.0.5+8 (17.0.5+8) (build 17.0.5+8)
# Java VM: OpenJDK 64-Bit Server VM Temurin-17.0.5+8 (17.0.5+8, mixed mode, emulated-client, tiered, compressed oops, compressed class ptrs, g1 gc, windows-amd64)
GC Precious Log:
 CPUs: 8 total, 8 available
 Memory: 8107M
 Large Page Support: Disabled
 NUMA Support: Disabled
 Compressed Oops: Enabled (32-bit)
 Heap Region Size: 1M
 Heap Min Capacity: 8M
 Heap Initial Capacity: 128M
 Heap Max Capacity: 2028M
 Pre-touch: Disabled
 Parallel Workers: 8
 Concurrent Workers: 2
 Concurrent Refinement Workers: 8
 Periodic GC: Disabled
Heap:
 garbage-first heap   total 51200K, used 17766K [0x0000000081400000, 0x0000000100000000)
  region size 1024K, 10 young (10240K), 5 survivors (5120K)
 Metaspace       used 26861K, committed 27136K, reserved 1073152K
  class space    used 3307K, committed 3456K, reserved 1048576K
GC Heap History (8 events):
Event: 3.591 GC heap before
{Heap before GC invocations=0 (full 0):
 garbage-first heap   total 131072K, used 22528K [0x0000000081400000, 0x0000000100000000)
  region size 1024K, 23 young (23552K), 0 survivors (0K)
 Metaspace       used 9934K, committed 10048K, reserved 1064960K
  class space    used 1110K, committed 1152K, reserved 1048576K
}
Event: 3.638 GC heap after
{Heap after GC invocations=1 (full 0):
 garbage-first heap   total 131072K, used 8367K [0x0000000081400000, 0x0000000100000000)
  region size 1024K, 3 young (3072K), 3 survivors (3072K)
 Metaspace       used 9934K, committed 10048K, reserved 1064960K
  class space    used 1110K, committed 1152K, reserved 1048576K
}
Event: 5.774 GC heap before
{Heap before GC invocations=1 (full 0):
 garbage-first heap   total 131072K, used 28847K [0x0000000081400000, 0x0000000100000000)
  region size 1024K, 24 young (24576K), 3 survivors (3072K)
 Metaspace       used 16010K, committed 16256K, reserved 1064960K
  class space    used 1930K, committed 2048K, reserved 1048576K
}
Event: 5.783 GC heap after
{Heap after GC invocations=2 (full 0):
 garbage-first heap   total 131072K, used 10844K [0x0000000081400000, 0x0000000100000000)
  region size 1024K, 3 young (3072K), 3 survivors (3072K)
 Metaspace       used 16010K, committed 16256K, reserved 1064960K
  class space    used 1930K, committed 2048K, reserved 1048576K
}
Event: 6.749 GC heap before
{Heap before GC invocations=2 (full 0):
 garbage-first heap   total 131072K, used 33372K [0x0000000081400000, 0x0000000100000000)
  region size 1024K, 26 young (26624K), 3 survivors (3072K)
 Metaspace       used 21303K, committed 21504K, reserved 1073152K
  class space    used 2569K, committed 2688K, reserved 1048576K
}
Event: 6.755 GC heap after
{Heap after GC invocations=3 (full 0):
 garbage-first heap   total 131072K, used 12059K [0x0000000081400000, 0x0000000100000000)
  region size 1024K, 4 young (4096K), 4 survivors (4096K)
 Metaspace       used 21303K, committed 21504K, reserved 1073152K
  class space    used 2569K, committed 2688K, reserved 1048576K
}
Event: 9.102 GC heap before
{Heap before GC invocations=4 (full 0):
 garbage-first heap   total 55296K, used 39707K [0x0000000081400000, 0x0000000100000000)
  region size 1024K, 32 young (32768K), 4 survivors (4096K)
 Metaspace       used 25664K, committed 25920K, reserved 1073152K
  class space    used 3144K, committed 3264K, reserved 1048576K
}
Event: 9.113 GC heap after
{Heap after GC invocations=5 (full 0):
 garbage-first heap   total 55296K, used 13670K [0x0000000081400000, 0x0000000100000000)
  region size 1024K, 5 young (5120K), 5 survivors (5120K)
 Metaspace       used 25664K, committed 25920K, reserved 1073152K
  class space    used 3144K, committed 3264K, reserved 1048576K
}

