# JRE version: OpenJDK Runtime Environment Temurin-17.0.5+8 (17.0.5+8) (build 17.0.5+8)
# Java VM: OpenJDK 64-Bit Server VM Temurin-17.0.5+8 (17.0.5+8, mixed mode, emulated-client, tiered, compressed oops, compressed class ptrs, g1 gc, windows-amd64)
GC Precious Log:
 CPUs: 8 total, 8 available
 Memory: 8107M
 Large Page Support: Disabled
 NUMA Support: Disabled
 Compressed Oops: Enabled (32-bit)
 Heap Region Size: 1M
 Heap Min Capacity: 8M
 Heap Initial Capacity: 128M
 Heap Max Capacity: 2028M
 Pre-touch: Disabled
 Parallel Workers: 8
 Concurrent Workers: 2
 Concurrent Refinement Workers: 8
 Periodic GC: Disabled
Heap:
 garbage-first heap   total 332800K, used 133257K [0x0000000081400000, 0x0000000100000000)
  region size 1024K, 15 young (15360K), 15 survivors (15360K)
 Metaspace       used 46027K, committed 46464K, reserved 1089536K
  class space    used 5944K, committed 6144K, reserved 1048576K
GC Heap History (20 events):
Event: 26.756 GC heap after
{Heap after GC invocations=24 (full 0):
 garbage-first heap   total 163840K, used 71680K [0x0000000081400000, 0x0000000100000000)
  region size 1024K, 8 young (8192K), 8 survivors (8192K)
 Metaspace       used 39062K, committed 39424K, reserved 1089536K
  class space    used 4927K, committed 5120K, reserved 1048576K
}
Event: 26.847 GC heap before
{Heap before GC invocations=24 (full 0):
 garbage-first heap   total 163840K, used 114688K [0x0000000081400000, 0x0000000100000000)
  region size 1024K, 51 young (52224K), 8 survivors (8192K)
 Metaspace       used 39156K, committed 39488K, reserved 1089536K
  class space    used 4939K, committed 5120K, reserved 1048576K
}
Event: 26.854 GC heap after
{Heap after GC invocations=25 (full 0):
 garbage-first heap   total 163840K, used 76813K [0x0000000081400000, 0x0000000100000000)
  region size 1024K, 4 young (4096K), 4 survivors (4096K)
 Metaspace       used 39156K, committed 39488K, reserved 1089536K
  class space    used 4939K, committed 5120K, reserved 1048576K
}
Event: 26.925 GC heap before
{Heap before GC invocations=25 (full 0):
 garbage-first heap   total 163840K, used 120845K [0x0000000081400000, 0x0000000100000000)
  region size 1024K, 48 young (49152K), 4 survivors (4096K)
 Metaspace       used 39156K, committed 39488K, reserved 1089536K
  class space    used 4939K, committed 5120K, reserved 1048576K
}
Event: 26.929 GC heap after
{Heap after GC invocations=26 (full 0):
 garbage-first heap   total 163840K, used 78607K [0x0000000081400000, 0x0000000100000000)
  region size 1024K, 6 young (6144K), 6 survivors (6144K)
 Metaspace       used 39156K, committed 39488K, reserved 1089536K
  class space    used 4939K, committed 5120K, reserved 1048576K
}
Event: 26.991 GC heap before
{Heap before GC invocations=26 (full 0):
 garbage-first heap   total 163840K, used 124687K [0x0000000081400000, 0x0000000100000000)
  region size 1024K, 52 young (53248K), 6 survivors (6144K)
 Metaspace       used 39156K, committed 39488K, reserved 1089536K
  class space    used 4939K, committed 5120K, reserved 1048576K
}
Event: 26.998 GC heap after
{Heap after GC invocations=27 (full 0):
 garbage-first heap   total 332800K, used 81343K [0x0000000081400000, 0x0000000100000000)
  region size 1024K, 5 young (5120K), 5 survivors (5120K)
 Metaspace       used 39156K, committed 39488K, reserved 1089536K
  class space    used 4939K, committed 5120K, reserved 1048576K
}
Event: 27.541 GC heap before
{Heap before GC invocations=27 (full 0):
 garbage-first heap   total 332800K, used 250303K [0x0000000081400000, 0x0000000100000000)
  region size 1024K, 171 young (175104K), 5 survivors (5120K)
 Metaspace       used 39458K, committed 39744K, reserved 1089536K
  class space    used 4987K, committed 5120K, reserved 1048576K
}
Event: 27.551 GC heap after
{Heap after GC invocations=28 (full 0):
 garbage-first heap   total 332800K, used 89108K [0x0000000081400000, 0x0000000100000000)
  region size 1024K, 13 young (13312K), 13 survivors (13312K)
 Metaspace       used 39458K, committed 39744K, reserved 1089536K
  class space    used 4987K, committed 5120K, reserved 1048576K
}
Event: 28.436 GC heap before
{Heap before GC invocations=28 (full 0):
 garbage-first heap   total 332800K, used 253972K [0x0000000081400000, 0x0000000100000000)
  region size 1024K, 175 young (179200K), 13 survivors (13312K)
 Metaspace       used 39944K, committed 40320K, reserved 1089536K
  class space    used 5064K, committed 5248K, reserved 1048576K
}
Event: 28.446 GC heap after
{Heap after GC invocations=29 (full 0):
 garbage-first heap   total 332800K, used 96577K [0x0000000081400000, 0x0000000100000000)
  region size 1024K, 18 young (18432K), 18 survivors (18432K)
 Metaspace       used 39944K, committed 40320K, reserved 1089536K
  class space    used 5064K, committed 5248K, reserved 1048576K
}
Event: 29.159 GC heap before
{Heap before GC invocations=29 (full 0):
 garbage-first heap   total 332800K, used 260417K [0x0000000081400000, 0x0000000100000000)
  region size 1024K, 179 young (183296K), 18 survivors (18432K)
 Metaspace       used 40142K, committed 40512K, reserved 1089536K
  class space    used 5106K, committed 5248K, reserved 1048576K
}
Event: 29.173 GC heap after
{Heap after GC invocations=30 (full 0):
 garbage-first heap   total 332800K, used 103391K [0x0000000081400000, 0x0000000100000000)
  region size 1024K, 15 young (15360K), 15 survivors (15360K)
 Metaspace       used 40142K, committed 40512K, reserved 1089536K
  class space    used 5106K, committed 5248K, reserved 1048576K
}
Event: 29.609 GC heap before
{Heap before GC invocations=30 (full 0):
 garbage-first heap   total 332800K, used 266207K [0x0000000081400000, 0x0000000100000000)
  region size 1024K, 175 young (179200K), 15 survivors (15360K)
 Metaspace       used 41723K, committed 42112K, reserved 1089536K
  class space    used 5326K, committed 5504K, reserved 1048576K
}
Event: 29.620 GC heap after
{Heap after GC invocations=31 (full 0):
 garbage-first heap   total 332800K, used 112058K [0x0000000081400000, 0x0000000100000000)
  region size 1024K, 16 young (16384K), 16 survivors (16384K)
 Metaspace       used 41723K, committed 42112K, reserved 1089536K
  class space    used 5326K, committed 5504K, reserved 1048576K
}
Event: 29.880 GC heap before
{Heap before GC invocations=31 (full 0):
 garbage-first heap   total 332800K, used 270778K [0x0000000081400000, 0x0000000100000000)
  region size 1024K, 172 young (176128K), 16 survivors (16384K)
 Metaspace       used 43132K, committed 43520K, reserved 1089536K
  class space    used 5518K, committed 5696K, reserved 1048576K
}
Event: 29.893 GC heap after
{Heap after GC invocations=32 (full 0):
 garbage-first heap   total 332800K, used 118454K [0x0000000081400000, 0x0000000100000000)
  region size 1024K, 15 young (15360K), 15 survivors (15360K)
 Metaspace       used 43132K, committed 43520K, reserved 1089536K
  class space    used 5518K, committed 5696K, reserved 1048576K
}
Event: 30.141 GC heap before
{Heap before GC invocations=32 (full 0):
 garbage-first heap   total 332800K, used 274102K [0x0000000081400000, 0x0000000100000000)
  region size 1024K, 168 young (172032K), 15 survivors (15360K)
 Metaspace       used 44982K, committed 45376K, reserved 1089536K
  class space    used 5806K, committed 5952K, reserved 1048576K
}
Event: 30.151 GC heap after
{Heap after GC invocations=33 (full 0):
 garbage-first heap   total 332800K, used 125754K [0x0000000081400000, 0x0000000100000000)
  region size 1024K, 14 young (14336K), 14 survivors (14336K)
 Metaspace       used 44982K, committed 45376K, reserved 1089536K
  class space    used 5806K, committed 5952K, reserved 1048576K
}
Event: 30.441 GC heap before
{Heap before GC invocations=33 (full 0):
 garbage-first heap   total 332800K, used 276282K [0x0000000081400000, 0x0000000100000000)
  region size 1024K, 162 young (165888K), 14 survivors (14336K)
 Metaspace       used 46027K, committed 46464K, reserved 1089536K
  class space    used 5944K, committed 6144K, reserved 1048576K
}

