# JRE version: OpenJDK Runtime Environment Temurin-17.0.5+8 (17.0.5+8) (build 17.0.5+8)
# Java VM: OpenJDK 64-Bit Server VM Temurin-17.0.5+8 (17.0.5+8, mixed mode, emulated-client, tiered, compressed oops, compressed class ptrs, g1 gc, windows-amd64)
GC Precious Log:
 CPUs: 8 total, 8 available
 Memory: 8107M
 Large Page Support: Disabled
 NUMA Support: Disabled
 Compressed Oops: Enabled (32-bit)
 Heap Region Size: 1M
 Heap Min Capacity: 8M
 Heap Initial Capacity: 128M
 Heap Max Capacity: 2028M
 Pre-touch: Disabled
 Parallel Workers: 8
 Concurrent Workers: 2
 Concurrent Refinement Workers: 8
 Periodic GC: Disabled
Heap:
 garbage-first heap   total 193536K, used 82881K [0x0000000081400000, 0x0000000100000000)
  region size 1024K, 3 young (3072K), 3 survivors (3072K)
 Metaspace       used 42199K, committed 42624K, reserved 1089536K
  class space    used 5388K, committed 5568K, reserved 1048576K
GC Heap History (20 events):
Event: 17.714 GC heap after
{Heap after GC invocations=13 (full 0):
 garbage-first heap   total 61440K, used 26586K [0x0000000081400000, 0x0000000100000000)
  region size 1024K, 1 young (1024K), 1 survivors (1024K)
 Metaspace       used 36338K, committed 36672K, reserved 1081344K
  class space    used 4677K, committed 4800K, reserved 1048576K
}
Event: 17.851 GC heap before
{Heap before GC invocations=13 (full 0):
 garbage-first heap   total 61440K, used 43994K [0x0000000081400000, 0x0000000100000000)
  region size 1024K, 19 young (19456K), 1 survivors (1024K)
 Metaspace       used 36479K, committed 36864K, reserved 1081344K
  class space    used 4687K, committed 4864K, reserved 1048576K
}
Event: 17.854 GC heap after
{Heap after GC invocations=14 (full 0):
 garbage-first heap   total 61440K, used 30165K [0x0000000081400000, 0x0000000100000000)
  region size 1024K, 3 young (3072K), 3 survivors (3072K)
 Metaspace       used 36479K, committed 36864K, reserved 1081344K
  class space    used 4687K, committed 4864K, reserved 1048576K
}
Event: 17.995 GC heap before
{Heap before GC invocations=14 (full 0):
 garbage-first heap   total 61440K, used 45525K [0x0000000081400000, 0x0000000100000000)
  region size 1024K, 18 young (18432K), 3 survivors (3072K)
 Metaspace       used 36933K, committed 37248K, reserved 1081344K
  class space    used 4743K, committed 4864K, reserved 1048576K
}
Event: 18.000 GC heap after
{Heap after GC invocations=15 (full 0):
 garbage-first heap   total 61440K, used 32982K [0x0000000081400000, 0x0000000100000000)
  region size 1024K, 3 young (3072K), 3 survivors (3072K)
 Metaspace       used 36933K, committed 37248K, reserved 1081344K
  class space    used 4743K, committed 4864K, reserved 1048576K
}
Event: 18.139 GC heap before
{Heap before GC invocations=15 (full 0):
 garbage-first heap   total 61440K, used 45270K [0x0000000081400000, 0x0000000100000000)
  region size 1024K, 16 young (16384K), 3 survivors (3072K)
 Metaspace       used 37096K, committed 37376K, reserved 1081344K
  class space    used 4756K, committed 4864K, reserved 1048576K
}
Event: 18.142 GC heap after
{Heap after GC invocations=16 (full 0):
 garbage-first heap   total 61440K, used 34940K [0x0000000081400000, 0x0000000100000000)
  region size 1024K, 2 young (2048K), 2 survivors (2048K)
 Metaspace       used 37096K, committed 37376K, reserved 1081344K
  class space    used 4756K, committed 4864K, reserved 1048576K
}
Event: 18.295 GC heap before
{Heap before GC invocations=17 (full 0):
 garbage-first heap   total 70656K, used 46204K [0x0000000081400000, 0x0000000100000000)
  region size 1024K, 14 young (14336K), 2 survivors (2048K)
 Metaspace       used 37328K, committed 37632K, reserved 1081344K
  class space    used 4772K, committed 4928K, reserved 1048576K
}
Event: 18.300 GC heap after
{Heap after GC invocations=18 (full 0):
 garbage-first heap   total 70656K, used 37111K [0x0000000081400000, 0x0000000100000000)
  region size 1024K, 2 young (2048K), 2 survivors (2048K)
 Metaspace       used 37328K, committed 37632K, reserved 1081344K
  class space    used 4772K, committed 4928K, reserved 1048576K
}
Event: 18.306 GC heap before
{Heap before GC invocations=18 (full 0):
 garbage-first heap   total 70656K, used 38135K [0x0000000081400000, 0x0000000100000000)
  region size 1024K, 3 young (3072K), 2 survivors (2048K)
 Metaspace       used 37335K, committed 37632K, reserved 1081344K
  class space    used 4774K, committed 4928K, reserved 1048576K
}
Event: 18.310 GC heap after
{Heap after GC invocations=19 (full 0):
 garbage-first heap   total 154624K, used 37049K [0x0000000081400000, 0x0000000100000000)
  region size 1024K, 1 young (1024K), 1 survivors (1024K)
 Metaspace       used 37335K, committed 37632K, reserved 1081344K
  class space    used 4774K, committed 4928K, reserved 1048576K
}
Event: 19.840 GC heap before
{Heap before GC invocations=19 (full 0):
 garbage-first heap   total 154624K, used 108729K [0x0000000081400000, 0x0000000100000000)
  region size 1024K, 72 young (73728K), 1 survivors (1024K)
 Metaspace       used 38951K, committed 39232K, reserved 1089536K
  class space    used 4913K, committed 5056K, reserved 1048576K
}
Event: 19.855 GC heap after
{Heap after GC invocations=20 (full 0):
 garbage-first heap   total 154624K, used 56874K [0x0000000081400000, 0x0000000100000000)
  region size 1024K, 9 young (9216K), 9 survivors (9216K)
 Metaspace       used 38951K, committed 39232K, reserved 1089536K
  class space    used 4913K, committed 5056K, reserved 1048576K
}
Event: 21.237 GC heap before
{Heap before GC invocations=20 (full 0):
 garbage-first heap   total 154624K, used 106026K [0x0000000081400000, 0x0000000100000000)
  region size 1024K, 56 young (57344K), 9 survivors (9216K)
 Metaspace       used 41704K, committed 42112K, reserved 1089536K
  class space    used 5324K, committed 5504K, reserved 1048576K
}
Event: 21.264 GC heap after
{Heap after GC invocations=21 (full 0):
 garbage-first heap   total 154624K, used 75973K [0x0000000081400000, 0x0000000100000000)
  region size 1024K, 7 young (7168K), 7 survivors (7168K)
 Metaspace       used 41704K, committed 42112K, reserved 1089536K
  class space    used 5324K, committed 5504K, reserved 1048576K
}
Event: 21.377 GC heap before
{Heap before GC invocations=21 (full 0):
 garbage-first heap   total 154624K, used 108741K [0x0000000081400000, 0x0000000100000000)
  region size 1024K, 40 young (40960K), 7 survivors (7168K)
 Metaspace       used 42079K, committed 42432K, reserved 1089536K
  class space    used 5371K, committed 5504K, reserved 1048576K
}
Event: 21.392 GC heap after
{Heap after GC invocations=22 (full 0):
 garbage-first heap   total 154624K, used 80564K [0x0000000081400000, 0x0000000100000000)
  region size 1024K, 3 young (3072K), 3 survivors (3072K)
 Metaspace       used 42079K, committed 42432K, reserved 1089536K
  class space    used 5371K, committed 5504K, reserved 1048576K
}
Event: 21.433 GC heap before
{Heap before GC invocations=22 (full 0):
 garbage-first heap   total 154624K, used 113332K [0x0000000081400000, 0x0000000100000000)
  region size 1024K, 36 young (36864K), 3 survivors (3072K)
 Metaspace       used 42087K, committed 42432K, reserved 1089536K
  class space    used 5372K, committed 5504K, reserved 1048576K
}
Event: 21.442 GC heap after
{Heap after GC invocations=23 (full 0):
 garbage-first heap   total 154624K, used 82572K [0x0000000081400000, 0x0000000100000000)
  region size 1024K, 2 young (2048K), 2 survivors (2048K)
 Metaspace       used 42087K, committed 42432K, reserved 1089536K
  class space    used 5372K, committed 5504K, reserved 1048576K
}
Event: 21.524 GC heap before
{Heap before GC invocations=23 (full 0):
 garbage-first heap   total 193536K, used 115340K [0x0000000081400000, 0x0000000100000000)
  region size 1024K, 36 young (36864K), 2 survivors (2048K)
 Metaspace       used 42199K, committed 42624K, reserved 1089536K
  class space    used 5388K, committed 5568K, reserved 1048576K
}

