# JRE version: OpenJDK Runtime Environment Temurin-17.0.5+8 (17.0.5+8) (build 17.0.5+8)
# Java VM: OpenJDK 64-Bit Server VM Temurin-17.0.5+8 (17.0.5+8, mixed mode, emulated-client, tiered, compressed oops, compressed class ptrs, g1 gc, windows-amd64)
GC Precious Log:
 CPUs: 8 total, 8 available
 Memory: 8107M
 Large Page Support: Disabled
 NUMA Support: Disabled
 Compressed Oops: Enabled (32-bit)
 Heap Region Size: 1M
 Heap Min Capacity: 8M
 Heap Initial Capacity: 128M
 Heap Max Capacity: 2028M
 Pre-touch: Disabled
 Parallel Workers: 8
 Concurrent Workers: 2
 Concurrent Refinement Workers: 8
 Periodic GC: Disabled
Heap:
 garbage-first heap   total 166912K, used 83936K [0x0000000081400000, 0x0000000100000000)
  region size 1024K, 4 young (4096K), 4 survivors (4096K)
 Metaspace       used 43464K, committed 43840K, reserved 1089536K
  class space    used 5593K, committed 5760K, reserved 1048576K
GC Heap History (20 events):
Event: 25.152 GC heap after
{Heap after GC invocations=12 (full 0):
 garbage-first heap   total 66560K, used 30720K [0x0000000081400000, 0x0000000100000000)
  region size 1024K, 2 young (2048K), 2 survivors (2048K)
 Metaspace       used 38019K, committed 38272K, reserved 1089536K
  class space    used 4794K, committed 4928K, reserved 1048576K
}
Event: 25.302 GC heap before
{Heap before GC invocations=13 (full 0):
 garbage-first heap   total 66560K, used 46080K [0x0000000081400000, 0x0000000100000000)
  region size 1024K, 18 young (18432K), 2 survivors (2048K)
 Metaspace       used 38435K, committed 38848K, reserved 1089536K
  class space    used 4848K, committed 5056K, reserved 1048576K
}
Event: 25.312 GC heap after
{Heap after GC invocations=14 (full 0):
 garbage-first heap   total 66560K, used 33298K [0x0000000081400000, 0x0000000100000000)
  region size 1024K, 3 young (3072K), 3 survivors (3072K)
 Metaspace       used 38435K, committed 38848K, reserved 1089536K
  class space    used 4848K, committed 5056K, reserved 1048576K
}
Event: 25.408 GC heap before
{Heap before GC invocations=14 (full 0):
 garbage-first heap   total 66560K, used 48658K [0x0000000081400000, 0x0000000100000000)
  region size 1024K, 18 young (18432K), 3 survivors (3072K)
 Metaspace       used 38706K, committed 39040K, reserved 1089536K
  class space    used 4880K, committed 5056K, reserved 1048576K
}
Event: 25.413 GC heap after
{Heap after GC invocations=15 (full 0):
 garbage-first heap   total 66560K, used 35799K [0x0000000081400000, 0x0000000100000000)
  region size 1024K, 3 young (3072K), 3 survivors (3072K)
 Metaspace       used 38706K, committed 39040K, reserved 1089536K
  class space    used 4880K, committed 5056K, reserved 1048576K
}
Event: 25.507 GC heap before
{Heap before GC invocations=16 (full 0):
 garbage-first heap   total 75776K, used 48087K [0x0000000081400000, 0x0000000100000000)
  region size 1024K, 16 young (16384K), 3 survivors (3072K)
 Metaspace       used 38731K, committed 39104K, reserved 1089536K
  class space    used 4885K, committed 5056K, reserved 1048576K
}
Event: 25.512 GC heap after
{Heap after GC invocations=17 (full 0):
 garbage-first heap   total 75776K, used 37871K [0x0000000081400000, 0x0000000100000000)
  region size 1024K, 2 young (2048K), 2 survivors (2048K)
 Metaspace       used 38731K, committed 39104K, reserved 1089536K
  class space    used 4885K, committed 5056K, reserved 1048576K
}
Event: 25.517 GC heap before
{Heap before GC invocations=17 (full 0):
 garbage-first heap   total 75776K, used 38895K [0x0000000081400000, 0x0000000100000000)
  region size 1024K, 3 young (3072K), 2 survivors (2048K)
 Metaspace       used 38731K, committed 39104K, reserved 1089536K
  class space    used 4885K, committed 5056K, reserved 1048576K
}
Event: 25.519 GC heap after
{Heap after GC invocations=18 (full 0):
 garbage-first heap   total 75776K, used 38329K [0x0000000081400000, 0x0000000100000000)
  region size 1024K, 1 young (1024K), 1 survivors (1024K)
 Metaspace       used 38731K, committed 39104K, reserved 1089536K
  class space    used 4885K, committed 5056K, reserved 1048576K
}
Event: 25.656 GC heap before
{Heap before GC invocations=18 (full 0):
 garbage-first heap   total 75776K, used 56761K [0x0000000081400000, 0x0000000100000000)
  region size 1024K, 19 young (19456K), 1 survivors (1024K)
 Metaspace       used 38823K, committed 39168K, reserved 1089536K
  class space    used 4900K, committed 5056K, reserved 1048576K
}
Event: 25.666 GC heap after
{Heap after GC invocations=19 (full 0):
 garbage-first heap   total 166912K, used 42408K [0x0000000081400000, 0x0000000100000000)
  region size 1024K, 3 young (3072K), 3 survivors (3072K)
 Metaspace       used 38823K, committed 39168K, reserved 1089536K
  class space    used 4900K, committed 5056K, reserved 1048576K
}
Event: 27.169 GC heap before
{Heap before GC invocations=20 (full 0):
 garbage-first heap   total 166912K, used 117160K [0x0000000081400000, 0x0000000100000000)
  region size 1024K, 76 young (77824K), 3 survivors (3072K)
 Metaspace       used 41868K, committed 42368K, reserved 1089536K
  class space    used 5345K, committed 5568K, reserved 1048576K
}
Event: 27.189 GC heap after
{Heap after GC invocations=21 (full 0):
 garbage-first heap   total 166912K, used 66520K [0x0000000081400000, 0x0000000100000000)
  region size 1024K, 10 young (10240K), 10 survivors (10240K)
 Metaspace       used 41868K, committed 42368K, reserved 1089536K
  class space    used 5345K, committed 5568K, reserved 1048576K
}
Event: 27.202 GC heap before
{Heap before GC invocations=21 (full 0):
 garbage-first heap   total 166912K, used 67544K [0x0000000081400000, 0x0000000100000000)
  region size 1024K, 11 young (11264K), 10 survivors (10240K)
 Metaspace       used 41879K, committed 42368K, reserved 1089536K
  class space    used 5347K, committed 5568K, reserved 1048576K
}
Event: 27.209 GC heap after
{Heap after GC invocations=22 (full 0):
 garbage-first heap   total 166912K, used 68891K [0x0000000081400000, 0x0000000100000000)
  region size 1024K, 2 young (2048K), 2 survivors (2048K)
 Metaspace       used 41879K, committed 42368K, reserved 1089536K
  class space    used 5347K, committed 5568K, reserved 1048576K
}
Event: 27.428 GC heap before
{Heap before GC invocations=22 (full 0):
 garbage-first heap   total 166912K, used 114971K [0x0000000081400000, 0x0000000100000000)
  region size 1024K, 47 young (48128K), 2 survivors (2048K)
 Metaspace       used 43069K, committed 43456K, reserved 1089536K
  class space    used 5504K, committed 5696K, reserved 1048576K
}
Event: 27.456 GC heap after
{Heap after GC invocations=23 (full 0):
 garbage-first heap   total 166912K, used 79761K [0x0000000081400000, 0x0000000100000000)
  region size 1024K, 6 young (6144K), 6 survivors (6144K)
 Metaspace       used 43069K, committed 43456K, reserved 1089536K
  class space    used 5504K, committed 5696K, reserved 1048576K
}
Event: 27.509 GC heap before
{Heap before GC invocations=23 (full 0):
 garbage-first heap   total 166912K, used 119697K [0x0000000081400000, 0x0000000100000000)
  region size 1024K, 46 young (47104K), 6 survivors (6144K)
 Metaspace       used 43244K, committed 43584K, reserved 1089536K
  class space    used 5551K, committed 5696K, reserved 1048576K
}
Event: 27.516 GC heap after
{Heap after GC invocations=24 (full 0):
 garbage-first heap   total 166912K, used 82806K [0x0000000081400000, 0x0000000100000000)
  region size 1024K, 3 young (3072K), 3 survivors (3072K)
 Metaspace       used 43244K, committed 43584K, reserved 1089536K
  class space    used 5551K, committed 5696K, reserved 1048576K
}
Event: 27.553 GC heap before
{Heap before GC invocations=24 (full 0):
 garbage-first heap   total 166912K, used 123766K [0x0000000081400000, 0x0000000100000000)
  region size 1024K, 44 young (45056K), 3 survivors (3072K)
 Metaspace       used 43464K, committed 43840K, reserved 1089536K
  class space    used 5593K, committed 5760K, reserved 1048576K
}

